{"C:/Users/synne/webdev/T35-Project-2/frontend/src/App.tsx": {"path":"C:/Users/synne/webdev/T35-Project-2/frontend/src/App.tsx","statementMap":{"0":{"start":{"line":13,"column":2},"end":{"line":24,"column":null}}},"fnMap":{"0":{"name":"App","decl":{"start":{"line":12,"column":9},"end":{"line":12,"column":15}},"loc":{"start":{"line":12,"column":15},"end":{"line":26,"column":null}}}},"branchMap":{},"s":{"0":0},"f":{"0":0},"b":{}}
,"C:/Users/synne/webdev/T35-Project-2/frontend/src/main.tsx": {"path":"C:/Users/synne/webdev/T35-Project-2/frontend/src/main.tsx","statementMap":{"0":{"start":{"line":10,"column":15},"end":{"line":13,"column":null}},"1":{"start":{"line":15,"column":0},"end":{"line":25,"column":null}}},"fnMap":{},"branchMap":{},"s":{"0":0,"1":0},"f":{},"b":{}}
,"C:/Users/synne/webdev/T35-Project-2/frontend/src/api/mutations.ts": {"path":"C:/Users/synne/webdev/T35-Project-2/frontend/src/api/mutations.ts","statementMap":{"0":{"start":{"line":9,"column":27},"end":{"line":9,"column":null}}},"fnMap":{},"branchMap":{},"s":{"0":3},"f":{},"b":{}}
,"C:/Users/synne/webdev/T35-Project-2/frontend/src/api/queries.ts": {"path":"C:/Users/synne/webdev/T35-Project-2/frontend/src/api/queries.ts","statementMap":{"0":{"start":{"line":10,"column":26},"end":{"line":10,"column":null}},"1":{"start":{"line":44,"column":25},"end":{"line":44,"column":null}},"2":{"start":{"line":70,"column":32},"end":{"line":70,"column":null}}},"fnMap":{},"branchMap":{},"s":{"0":2,"1":2,"2":2},"f":{},"b":{}}
,"C:/Users/synne/webdev/T35-Project-2/frontend/src/components/AboutUs.tsx": {"path":"C:/Users/synne/webdev/T35-Project-2/frontend/src/components/AboutUs.tsx","statementMap":{"0":{"start":{"line":13,"column":2},"end":{"line":89,"column":null}}},"fnMap":{"0":{"name":"AboutUs","decl":{"start":{"line":12,"column":9},"end":{"line":12,"column":19}},"loc":{"start":{"line":12,"column":19},"end":{"line":91,"column":null}}}},"branchMap":{},"s":{"0":1},"f":{"0":1},"b":{}}
,"C:/Users/synne/webdev/T35-Project-2/frontend/src/components/BreedCard.tsx": {"path":"C:/Users/synne/webdev/T35-Project-2/frontend/src/components/BreedCard.tsx","statementMap":{"0":{"start":{"line":18,"column":26},"end":{"line":23,"column":null}},"1":{"start":{"line":26,"column":44},"end":{"line":44,"column":null}},"2":{"start":{"line":27,"column":2},"end":{"line":42,"column":null}}},"fnMap":{"0":{"name":"(anonymous_0)","decl":{"start":{"line":26,"column":44},"end":{"line":26,"column":45}},"loc":{"start":{"line":26,"column":59},"end":{"line":44,"column":null}}}},"branchMap":{"0":{"loc":{"start":{"line":33,"column":13},"end":{"line":36,"column":null}},"type":"cond-expr","locations":[{"start":{"line":34,"column":14},"end":{"line":34,"column":null}},{"start":{"line":36,"column":14},"end":{"line":36,"column":null}}]}},"s":{"0":2,"1":2,"2":9},"f":{"0":9},"b":{"0":[9,0]}}
,"C:/Users/synne/webdev/T35-Project-2/frontend/src/components/Comment.tsx": {"path":"C:/Users/synne/webdev/T35-Project-2/frontend/src/components/Comment.tsx","statementMap":{"0":{"start":{"line":24,"column":40},"end":{"line":82,"column":null}},"1":{"start":{"line":25,"column":26},"end":{"line":25,"column":null}},"2":{"start":{"line":26,"column":32},"end":{"line":26,"column":null}},"3":{"start":{"line":27,"column":30},"end":{"line":27,"column":null}},"4":{"start":{"line":29,"column":23},"end":{"line":38,"column":null}},"5":{"start":{"line":30,"column":4},"end":{"line":30,"column":null}},"6":{"start":{"line":32,"column":4},"end":{"line":37,"column":null}},"7":{"start":{"line":33,"column":6},"end":{"line":33,"column":null}},"8":{"start":{"line":34,"column":6},"end":{"line":34,"column":null}},"9":{"start":{"line":35,"column":6},"end":{"line":35,"column":null}},"10":{"start":{"line":36,"column":6},"end":{"line":36,"column":null}},"11":{"start":{"line":40,"column":2},"end":{"line":80,"column":null}},"12":{"start":{"line":45,"column":25},"end":{"line":45,"column":null}},"13":{"start":{"line":56,"column":25},"end":{"line":56,"column":null}},"14":{"start":{"line":66,"column":12},"end":{"line":68,"column":null}},"15":{"start":{"line":67,"column":14},"end":{"line":67,"column":null}}},"fnMap":{"0":{"name":"(anonymous_0)","decl":{"start":{"line":24,"column":40},"end":{"line":24,"column":41}},"loc":{"start":{"line":24,"column":62},"end":{"line":82,"column":null}}},"1":{"name":"(anonymous_1)","decl":{"start":{"line":29,"column":23},"end":{"line":29,"column":24}},"loc":{"start":{"line":29,"column":47},"end":{"line":38,"column":null}}},"2":{"name":"(anonymous_2)","decl":{"start":{"line":45,"column":18},"end":{"line":45,"column":19}},"loc":{"start":{"line":45,"column":25},"end":{"line":45,"column":null}}},"3":{"name":"(anonymous_3)","decl":{"start":{"line":56,"column":18},"end":{"line":56,"column":19}},"loc":{"start":{"line":56,"column":25},"end":{"line":56,"column":null}}},"4":{"name":"(anonymous_4)","decl":{"start":{"line":65,"column":20},"end":{"line":65,"column":21}},"loc":{"start":{"line":65,"column":41},"end":{"line":69,"column":null}}}},"branchMap":{"0":{"loc":{"start":{"line":25,"column":35},"end":{"line":25,"column":54}},"type":"binary-expr","locations":[{"start":{"line":25,"column":35},"end":{"line":25,"column":52}},{"start":{"line":25,"column":52},"end":{"line":25,"column":54}}]},"1":{"loc":{"start":{"line":32,"column":4},"end":{"line":37,"column":null}},"type":"if","locations":[{"start":{"line":32,"column":4},"end":{"line":37,"column":null}},{"start":{},"end":{}}]},"2":{"loc":{"start":{"line":32,"column":8},"end":{"line":32,"column":53}},"type":"binary-expr","locations":[{"start":{"line":32,"column":8},"end":{"line":32,"column":23}},{"start":{"line":32,"column":23},"end":{"line":32,"column":41}},{"start":{"line":32,"column":41},"end":{"line":32,"column":53}}]},"3":{"loc":{"start":{"line":66,"column":12},"end":{"line":68,"column":null}},"type":"if","locations":[{"start":{"line":66,"column":12},"end":{"line":68,"column":null}},{"start":{},"end":{}}]}},"s":{"0":3,"1":4,"2":4,"3":4,"4":4,"5":0,"6":0,"7":0,"8":0,"9":0,"10":0,"11":4,"12":0,"13":0,"14":0,"15":0},"f":{"0":4,"1":0,"2":0,"3":0,"4":0},"b":{"0":[4,4],"1":[0,0],"2":[0,0,0],"3":[0,0]}}
,"C:/Users/synne/webdev/T35-Project-2/frontend/src/components/DogBreedDetail.tsx": {"path":"C:/Users/synne/webdev/T35-Project-2/frontend/src/components/DogBreedDetail.tsx","statementMap":{"0":{"start":{"line":44,"column":21},"end":{"line":48,"column":null}},"1":{"start":{"line":50,"column":54},"end":{"line":268,"column":null}},"2":{"start":{"line":51,"column":34},"end":{"line":51,"column":null}},"3":{"start":{"line":52,"column":23},"end":{"line":57,"column":null}},"4":{"start":{"line":55,"column":6},"end":{"line":55,"column":null}},"5":{"start":{"line":60,"column":27},"end":{"line":71,"column":null}},"6":{"start":{"line":61,"column":4},"end":{"line":70,"column":null}},"7":{"start":{"line":73,"column":38},"end":{"line":73,"column":null}},"8":{"start":{"line":75,"column":23},"end":{"line":77,"column":null}},"9":{"start":{"line":76,"column":4},"end":{"line":76,"column":null}},"10":{"start":{"line":79,"column":2},"end":{"line":81,"column":null}},"11":{"start":{"line":80,"column":4},"end":{"line":80,"column":null}},"12":{"start":{"line":83,"column":32},"end":{"line":91,"column":null}},"13":{"start":{"line":84,"column":21},"end":{"line":89,"column":null}},"14":{"start":{"line":90,"column":4},"end":{"line":90,"column":null}},"15":{"start":{"line":92,"column":2},"end":{"line":266,"column":null}},"16":{"start":{"line":97,"column":39},"end":{"line":97,"column":null}},"17":{"start":{"line":98,"column":29},"end":{"line":98,"column":null}},"18":{"start":{"line":207,"column":43},"end":{"line":207,"column":null}},"19":{"start":{"line":208,"column":33},"end":{"line":208,"column":null}},"20":{"start":{"line":224,"column":28},"end":{"line":224,"column":null}},"21":{"start":{"line":227,"column":16},"end":{"line":258,"column":null}},"22":{"start":{"line":231,"column":49},"end":{"line":231,"column":null}},"23":{"start":{"line":232,"column":39},"end":{"line":232,"column":null}}},"fnMap":{"0":{"name":"(anonymous_0)","decl":{"start":{"line":50,"column":54},"end":{"line":50,"column":55}},"loc":{"start":{"line":50,"column":73},"end":{"line":268,"column":null}}},"1":{"name":"(anonymous_1)","decl":{"start":{"line":54,"column":13},"end":{"line":54,"column":14}},"loc":{"start":{"line":54,"column":24},"end":{"line":56,"column":null}}},"2":{"name":"(anonymous_2)","decl":{"start":{"line":60,"column":27},"end":{"line":60,"column":28}},"loc":{"start":{"line":60,"column":82},"end":{"line":71,"column":null}}},"3":{"name":"(anonymous_3)","decl":{"start":{"line":75,"column":23},"end":{"line":75,"column":24}},"loc":{"start":{"line":75,"column":80},"end":{"line":77,"column":null}}},"4":{"name":"(anonymous_4)","decl":{"start":{"line":79,"column":12},"end":{"line":79,"column":18}},"loc":{"start":{"line":79,"column":18},"end":{"line":81,"column":5}}},"5":{"name":"(anonymous_5)","decl":{"start":{"line":83,"column":32},"end":{"line":83,"column":38}},"loc":{"start":{"line":83,"column":38},"end":{"line":91,"column":null}}},"6":{"name":"(anonymous_6)","decl":{"start":{"line":97,"column":27},"end":{"line":97,"column":28}},"loc":{"start":{"line":97,"column":39},"end":{"line":97,"column":null}}},"7":{"name":"(anonymous_7)","decl":{"start":{"line":98,"column":17},"end":{"line":98,"column":18}},"loc":{"start":{"line":98,"column":29},"end":{"line":98,"column":null}}},"8":{"name":"(anonymous_8)","decl":{"start":{"line":207,"column":31},"end":{"line":207,"column":32}},"loc":{"start":{"line":207,"column":43},"end":{"line":207,"column":null}}},"9":{"name":"(anonymous_9)","decl":{"start":{"line":208,"column":21},"end":{"line":208,"column":22}},"loc":{"start":{"line":208,"column":33},"end":{"line":208,"column":null}}},"10":{"name":"(anonymous_10)","decl":{"start":{"line":224,"column":18},"end":{"line":224,"column":19}},"loc":{"start":{"line":224,"column":28},"end":{"line":224,"column":null}}},"11":{"name":"(anonymous_11)","decl":{"start":{"line":226,"column":20},"end":{"line":226,"column":21}},"loc":{"start":{"line":227,"column":16},"end":{"line":258,"column":null}}},"12":{"name":"(anonymous_12)","decl":{"start":{"line":231,"column":37},"end":{"line":231,"column":38}},"loc":{"start":{"line":231,"column":49},"end":{"line":231,"column":null}}},"13":{"name":"(anonymous_13)","decl":{"start":{"line":232,"column":27},"end":{"line":232,"column":28}},"loc":{"start":{"line":232,"column":39},"end":{"line":232,"column":null}}}},"branchMap":{"0":{"loc":{"start":{"line":97,"column":39},"end":{"line":97,"column":null}},"type":"cond-expr","locations":[{"start":{"line":97,"column":71},"end":{"line":97,"column":83}},{"start":{"line":97,"column":83},"end":{"line":97,"column":null}}]},"1":{"loc":{"start":{"line":98,"column":29},"end":{"line":98,"column":null}},"type":"cond-expr","locations":[{"start":{"line":98,"column":61},"end":{"line":98,"column":73}},{"start":{"line":98,"column":73},"end":{"line":98,"column":null}}]},"2":{"loc":{"start":{"line":108,"column":30},"end":{"line":108,"column":null}},"type":"cond-expr","locations":[{"start":{"line":108,"column":41},"end":{"line":108,"column":64}},{"start":{"line":108,"column":64},"end":{"line":108,"column":null}}]},"3":{"loc":{"start":{"line":110,"column":19},"end":{"line":113,"column":null}},"type":"cond-expr","locations":[{"start":{"line":111,"column":20},"end":{"line":111,"column":null}},{"start":{"line":113,"column":20},"end":{"line":113,"column":null}}]},"4":{"loc":{"start":{"line":119,"column":15},"end":{"line":122,"column":null}},"type":"cond-expr","locations":[{"start":{"line":120,"column":16},"end":{"line":120,"column":null}},{"start":{"line":122,"column":16},"end":{"line":122,"column":null}}]},"5":{"loc":{"start":{"line":207,"column":43},"end":{"line":207,"column":null}},"type":"cond-expr","locations":[{"start":{"line":207,"column":75},"end":{"line":207,"column":87}},{"start":{"line":207,"column":87},"end":{"line":207,"column":null}}]},"6":{"loc":{"start":{"line":208,"column":33},"end":{"line":208,"column":null}},"type":"cond-expr","locations":[{"start":{"line":208,"column":65},"end":{"line":208,"column":77}},{"start":{"line":208,"column":77},"end":{"line":208,"column":null}}]},"7":{"loc":{"start":{"line":219,"column":48},"end":{"line":262,"column":null}},"type":"cond-expr","locations":[{"start":{"line":221,"column":12},"end":{"line":260,"column":null}},{"start":{"line":262,"column":12},"end":{"line":262,"column":null}}]},"8":{"loc":{"start":{"line":220,"column":12},"end":{"line":220,"column":34}},"type":"binary-expr","locations":[{"start":{"line":220,"column":12},"end":{"line":220,"column":30}},{"start":{"line":220,"column":30},"end":{"line":220,"column":34}}]},"9":{"loc":{"start":{"line":223,"column":16},"end":{"line":225,"column":null}},"type":"binary-expr","locations":[{"start":{"line":223,"column":16},"end":{"line":225,"column":21}},{"start":{"line":225,"column":21},"end":{"line":225,"column":null}}]},"10":{"loc":{"start":{"line":223,"column":21},"end":{"line":223,"column":42}},"type":"binary-expr","locations":[{"start":{"line":223,"column":21},"end":{"line":223,"column":39}},{"start":{"line":223,"column":39},"end":{"line":223,"column":42}}]},"11":{"loc":{"start":{"line":231,"column":49},"end":{"line":231,"column":null}},"type":"cond-expr","locations":[{"start":{"line":231,"column":81},"end":{"line":231,"column":93}},{"start":{"line":231,"column":93},"end":{"line":231,"column":null}}]},"12":{"loc":{"start":{"line":232,"column":39},"end":{"line":232,"column":null}},"type":"cond-expr","locations":[{"start":{"line":232,"column":71},"end":{"line":232,"column":83}},{"start":{"line":232,"column":83},"end":{"line":232,"column":null}}]},"13":{"loc":{"start":{"line":239,"column":21},"end":{"line":245,"column":null}},"type":"cond-expr","locations":[{"start":{"line":240,"column":22},"end":{"line":240,"column":null}},{"start":{"line":242,"column":22},"end":{"line":245,"column":null}}]},"14":{"loc":{"start":{"line":239,"column":21},"end":{"line":239,"column":null}},"type":"binary-expr","locations":[{"start":{"line":239,"column":21},"end":{"line":239,"column":48}},{"start":{"line":239,"column":48},"end":{"line":239,"column":null}}]}},"s":{"0":2,"1":2,"2":3,"3":3,"4":0,"5":3,"6":0,"7":3,"8":3,"9":0,"10":3,"11":3,"12":3,"13":0,"14":0,"15":3,"16":3,"17":3,"18":3,"19":3,"20":0,"21":0,"22":0,"23":0},"f":{"0":3,"1":0,"2":0,"3":0,"4":3,"5":0,"6":3,"7":3,"8":3,"9":3,"10":0,"11":0,"12":0,"13":0},"b":{"0":[0,3],"1":[0,3],"2":[0,3],"3":[0,3],"4":[0,3],"5":[0,3],"6":[0,3],"7":[0,3],"8":[3,3],"9":[0,0],"10":[0,0],"11":[0,0],"12":[0,0],"13":[0,0],"14":[0,0]}}
,"C:/Users/synne/webdev/T35-Project-2/frontend/src/components/DogBreedDetailWrapper.tsx": {"path":"C:/Users/synne/webdev/T35-Project-2/frontend/src/components/DogBreedDetailWrapper.tsx","statementMap":{"0":{"start":{"line":14,"column":40},"end":{"line":27,"column":null}},"1":{"start":{"line":15,"column":17},"end":{"line":15,"column":null}},"2":{"start":{"line":16,"column":35},"end":{"line":18,"column":null}},"3":{"start":{"line":19,"column":2},"end":{"line":19,"column":null}},"4":{"start":{"line":19,"column":15},"end":{"line":19,"column":null}},"5":{"start":{"line":20,"column":2},"end":{"line":20,"column":null}},"6":{"start":{"line":20,"column":13},"end":{"line":20,"column":null}},"7":{"start":{"line":22,"column":2},"end":{"line":24,"column":null}},"8":{"start":{"line":23,"column":4},"end":{"line":23,"column":null}},"9":{"start":{"line":26,"column":2},"end":{"line":26,"column":null}}},"fnMap":{"0":{"name":"(anonymous_0)","decl":{"start":{"line":14,"column":40},"end":{"line":14,"column":46}},"loc":{"start":{"line":14,"column":46},"end":{"line":27,"column":null}}}},"branchMap":{"0":{"loc":{"start":{"line":19,"column":2},"end":{"line":19,"column":null}},"type":"if","locations":[{"start":{"line":19,"column":2},"end":{"line":19,"column":null}},{"start":{},"end":{}}]},"1":{"loc":{"start":{"line":20,"column":2},"end":{"line":20,"column":null}},"type":"if","locations":[{"start":{"line":20,"column":2},"end":{"line":20,"column":null}},{"start":{},"end":{}}]},"2":{"loc":{"start":{"line":22,"column":2},"end":{"line":24,"column":null}},"type":"if","locations":[{"start":{"line":22,"column":2},"end":{"line":24,"column":null}},{"start":{},"end":{}}]},"3":{"loc":{"start":{"line":22,"column":6},"end":{"line":22,"column":28}},"type":"binary-expr","locations":[{"start":{"line":22,"column":6},"end":{"line":22,"column":15}},{"start":{"line":22,"column":15},"end":{"line":22,"column":28}}]},"4":{"loc":{"start":{"line":26,"column":48},"end":{"line":26,"column":58}},"type":"binary-expr","locations":[{"start":{"line":26,"column":48},"end":{"line":26,"column":54}},{"start":{"line":26,"column":54},"end":{"line":26,"column":58}}]}},"s":{"0":1,"1":4,"2":4,"3":4,"4":2,"5":2,"6":0,"7":2,"8":1,"9":1},"f":{"0":4},"b":{"0":[2,2],"1":[0,2],"2":[1,1],"3":[2,2],"4":[1,0]}}
,"C:/Users/synne/webdev/T35-Project-2/frontend/src/components/DogBreedGallery.tsx": {"path":"C:/Users/synne/webdev/T35-Project-2/frontend/src/components/DogBreedGallery.tsx","statementMap":{"0":{"start":{"line":17,"column":34},"end":{"line":271,"column":null}},"1":{"start":{"line":18,"column":19},"end":{"line":18,"column":null}},"2":{"start":{"line":19,"column":23},"end":{"line":19,"column":null}},"3":{"start":{"line":19,"column":57},"end":{"line":19,"column":69}},"4":{"start":{"line":20,"column":23},"end":{"line":20,"column":null}},"5":{"start":{"line":20,"column":57},"end":{"line":20,"column":74}},"6":{"start":{"line":21,"column":18},"end":{"line":21,"column":null}},"7":{"start":{"line":21,"column":52},"end":{"line":21,"column":62}},"8":{"start":{"line":22,"column":23},"end":{"line":22,"column":null}},"9":{"start":{"line":22,"column":57},"end":{"line":22,"column":69}},"10":{"start":{"line":24,"column":32},"end":{"line":24,"column":null}},"11":{"start":{"line":25,"column":40},"end":{"line":25,"column":null}},"12":{"start":{"line":26,"column":18},"end":{"line":26,"column":null}},"13":{"start":{"line":27,"column":44},"end":{"line":27,"column":null}},"14":{"start":{"line":28,"column":50},"end":{"line":28,"column":null}},"15":{"start":{"line":31,"column":52},"end":{"line":31,"column":null}},"16":{"start":{"line":35,"column":66},"end":{"line":35,"column":null}},"17":{"start":{"line":37,"column":19},"end":{"line":37,"column":null}},"18":{"start":{"line":38,"column":22},"end":{"line":38,"column":null}},"19":{"start":{"line":40,"column":40},"end":{"line":43,"column":null}},"20":{"start":{"line":44,"column":2},"end":{"line":52,"column":null}},"21":{"start":{"line":45,"column":4},"end":{"line":51,"column":null}},"22":{"start":{"line":46,"column":20},"end":{"line":48,"column":null}},"23":{"start":{"line":47,"column":8},"end":{"line":47,"column":null}},"24":{"start":{"line":50,"column":6},"end":{"line":50,"column":null}},"25":{"start":{"line":50,"column":19},"end":{"line":50,"column":null}},"26":{"start":{"line":55,"column":29},"end":{"line":68,"column":null}},"27":{"start":{"line":56,"column":4},"end":{"line":67,"column":null}},"28":{"start":{"line":58,"column":6},"end":{"line":65,"column":null}},"29":{"start":{"line":59,"column":8},"end":{"line":59,"column":null}},"30":{"start":{"line":62,"column":8},"end":{"line":64,"column":null}},"31":{"start":{"line":63,"column":10},"end":{"line":63,"column":null}},"32":{"start":{"line":66,"column":6},"end":{"line":66,"column":null}},"33":{"start":{"line":71,"column":34},"end":{"line":84,"column":null}},"34":{"start":{"line":72,"column":4},"end":{"line":83,"column":null}},"35":{"start":{"line":74,"column":6},"end":{"line":81,"column":null}},"36":{"start":{"line":75,"column":8},"end":{"line":75,"column":null}},"37":{"start":{"line":78,"column":8},"end":{"line":80,"column":null}},"38":{"start":{"line":79,"column":10},"end":{"line":79,"column":null}},"39":{"start":{"line":82,"column":6},"end":{"line":82,"column":null}},"40":{"start":{"line":87,"column":27},"end":{"line":95,"column":null}},"41":{"start":{"line":88,"column":4},"end":{"line":94,"column":null}},"42":{"start":{"line":89,"column":6},"end":{"line":89,"column":null}},"43":{"start":{"line":91,"column":6},"end":{"line":93,"column":null}},"44":{"start":{"line":92,"column":8},"end":{"line":92,"column":null}},"45":{"start":{"line":97,"column":29},"end":{"line":112,"column":null}},"46":{"start":{"line":98,"column":4},"end":{"line":110,"column":null}},"47":{"start":{"line":100,"column":6},"end":{"line":107,"column":null}},"48":{"start":{"line":101,"column":8},"end":{"line":101,"column":null}},"49":{"start":{"line":102,"column":8},"end":{"line":102,"column":null}},"50":{"start":{"line":103,"column":8},"end":{"line":103,"column":null}},"51":{"start":{"line":104,"column":8},"end":{"line":104,"column":null}},"52":{"start":{"line":106,"column":8},"end":{"line":106,"column":null}},"53":{"start":{"line":109,"column":6},"end":{"line":109,"column":null}},"54":{"start":{"line":111,"column":4},"end":{"line":111,"column":null}},"55":{"start":{"line":114,"column":24},"end":{"line":118,"column":null}},"56":{"start":{"line":115,"column":4},"end":{"line":117,"column":null}},"57":{"start":{"line":116,"column":6},"end":{"line":116,"column":null}},"58":{"start":{"line":120,"column":2},"end":{"line":137,"column":null}},"59":{"start":{"line":121,"column":4},"end":{"line":121,"column":null}},"60":{"start":{"line":121,"column":30},"end":{"line":121,"column":null}},"61":{"start":{"line":123,"column":4},"end":{"line":123,"column":null}},"62":{"start":{"line":123,"column":26},"end":{"line":123,"column":null}},"63":{"start":{"line":125,"column":4},"end":{"line":132,"column":null}},"64":{"start":{"line":127,"column":8},"end":{"line":129,"column":null}},"65":{"start":{"line":128,"column":10},"end":{"line":128,"column":null}},"66":{"start":{"line":134,"column":4},"end":{"line":134,"column":null}},"67":{"start":{"line":134,"column":29},"end":{"line":134,"column":null}},"68":{"start":{"line":136,"column":4},"end":{"line":136,"column":null}},"69":{"start":{"line":136,"column":17},"end":{"line":136,"column":null}},"70":{"start":{"line":140,"column":25},"end":{"line":144,"column":null}},"71":{"start":{"line":141,"column":4},"end":{"line":143,"column":null}},"72":{"start":{"line":142,"column":6},"end":{"line":142,"column":null}},"73":{"start":{"line":146,"column":22},"end":{"line":204,"column":null}},"74":{"start":{"line":155,"column":4},"end":{"line":203,"column":null}},"75":{"start":{"line":156,"column":6},"end":{"line":200,"column":null}},"76":{"start":{"line":166,"column":10},"end":{"line":166,"column":null}},"77":{"start":{"line":166,"column":32},"end":{"line":166,"column":null}},"78":{"start":{"line":168,"column":31},"end":{"line":170,"column":null}},"79":{"start":{"line":168,"column":86},"end":{"line":170,"column":12}},"80":{"start":{"line":171,"column":29},"end":{"line":178,"column":null}},"81":{"start":{"line":175,"column":48},"end":{"line":175,"column":null}},"82":{"start":{"line":175,"column":81},"end":{"line":175,"column":113}},"83":{"start":{"line":179,"column":10},"end":{"line":196,"column":null}},"84":{"start":{"line":180,"column":12},"end":{"line":180,"column":null}},"85":{"start":{"line":181,"column":12},"end":{"line":181,"column":null}},"86":{"start":{"line":182,"column":12},"end":{"line":182,"column":null}},"87":{"start":{"line":183,"column":12},"end":{"line":191,"column":null}},"88":{"start":{"line":190,"column":14},"end":{"line":190,"column":null}},"89":{"start":{"line":192,"column":10},"end":{"line":196,"column":null}},"90":{"start":{"line":193,"column":12},"end":{"line":193,"column":null}},"91":{"start":{"line":194,"column":12},"end":{"line":194,"column":null}},"92":{"start":{"line":195,"column":12},"end":{"line":195,"column":null}},"93":{"start":{"line":197,"column":10},"end":{"line":197,"column":null}},"94":{"start":{"line":198,"column":10},"end":{"line":198,"column":null}},"95":{"start":{"line":202,"column":6},"end":{"line":202,"column":null}},"96":{"start":{"line":207,"column":33},"end":{"line":218,"column":null}},"97":{"start":{"line":208,"column":4},"end":{"line":208,"column":null}},"98":{"start":{"line":209,"column":4},"end":{"line":209,"column":null}},"99":{"start":{"line":210,"column":4},"end":{"line":210,"column":null}},"100":{"start":{"line":211,"column":4},"end":{"line":211,"column":null}},"101":{"start":{"line":212,"column":4},"end":{"line":212,"column":null}},"102":{"start":{"line":213,"column":4},"end":{"line":213,"column":null}},"103":{"start":{"line":214,"column":4},"end":{"line":214,"column":null}},"104":{"start":{"line":215,"column":4},"end":{"line":215,"column":null}},"105":{"start":{"line":217,"column":4},"end":{"line":217,"column":null}},"106":{"start":{"line":217,"column":25},"end":{"line":217,"column":null}},"107":{"start":{"line":220,"column":2},"end":{"line":223,"column":null}},"108":{"start":{"line":222,"column":4},"end":{"line":222,"column":null}},"109":{"start":{"line":225,"column":2},"end":{"line":225,"column":null}},"110":{"start":{"line":225,"column":39},"end":{"line":225,"column":null}},"111":{"start":{"line":226,"column":2},"end":{"line":226,"column":null}},"112":{"start":{"line":226,"column":13},"end":{"line":226,"column":null}},"113":{"start":{"line":228,"column":2},"end":{"line":269,"column":null}},"114":{"start":{"line":260,"column":53},"end":{"line":260,"column":95}}},"fnMap":{"0":{"name":"(anonymous_0)","decl":{"start":{"line":17,"column":34},"end":{"line":17,"column":40}},"loc":{"start":{"line":17,"column":40},"end":{"line":271,"column":null}}},"1":{"name":"(anonymous_1)","decl":{"start":{"line":19,"column":35},"end":{"line":19,"column":36}},"loc":{"start":{"line":19,"column":57},"end":{"line":19,"column":69}}},"2":{"name":"(anonymous_2)","decl":{"start":{"line":20,"column":35},"end":{"line":20,"column":36}},"loc":{"start":{"line":20,"column":57},"end":{"line":20,"column":74}}},"3":{"name":"(anonymous_3)","decl":{"start":{"line":21,"column":30},"end":{"line":21,"column":31}},"loc":{"start":{"line":21,"column":52},"end":{"line":21,"column":62}}},"4":{"name":"(anonymous_4)","decl":{"start":{"line":22,"column":35},"end":{"line":22,"column":36}},"loc":{"start":{"line":22,"column":57},"end":{"line":22,"column":69}}},"5":{"name":"(anonymous_5)","decl":{"start":{"line":44,"column":12},"end":{"line":44,"column":18}},"loc":{"start":{"line":44,"column":18},"end":{"line":52,"column":5}}},"6":{"name":"(anonymous_6)","decl":{"start":{"line":46,"column":31},"end":{"line":46,"column":37}},"loc":{"start":{"line":46,"column":37},"end":{"line":48,"column":9}}},"7":{"name":"(anonymous_7)","decl":{"start":{"line":50,"column":13},"end":{"line":50,"column":19}},"loc":{"start":{"line":50,"column":19},"end":{"line":50,"column":null}}},"8":{"name":"(anonymous_8)","decl":{"start":{"line":55,"column":29},"end":{"line":55,"column":30}},"loc":{"start":{"line":55,"column":52},"end":{"line":68,"column":null}}},"9":{"name":"(anonymous_9)","decl":{"start":{"line":71,"column":34},"end":{"line":71,"column":35}},"loc":{"start":{"line":71,"column":57},"end":{"line":84,"column":null}}},"10":{"name":"(anonymous_10)","decl":{"start":{"line":87,"column":27},"end":{"line":87,"column":28}},"loc":{"start":{"line":87,"column":53},"end":{"line":95,"column":null}}},"11":{"name":"(anonymous_11)","decl":{"start":{"line":97,"column":29},"end":{"line":97,"column":30}},"loc":{"start":{"line":97,"column":49},"end":{"line":112,"column":null}}},"12":{"name":"(anonymous_12)","decl":{"start":{"line":114,"column":36},"end":{"line":114,"column":42}},"loc":{"start":{"line":114,"column":42},"end":{"line":118,"column":5}}},"13":{"name":"(anonymous_13)","decl":{"start":{"line":115,"column":15},"end":{"line":115,"column":21}},"loc":{"start":{"line":115,"column":21},"end":{"line":117,"column":7}}},"14":{"name":"(anonymous_14)","decl":{"start":{"line":120,"column":12},"end":{"line":120,"column":18}},"loc":{"start":{"line":120,"column":18},"end":{"line":137,"column":5}}},"15":{"name":"(anonymous_15)","decl":{"start":{"line":126,"column":6},"end":{"line":126,"column":7}},"loc":{"start":{"line":126,"column":19},"end":{"line":130,"column":null}}},"16":{"name":"(anonymous_16)","decl":{"start":{"line":136,"column":11},"end":{"line":136,"column":17}},"loc":{"start":{"line":136,"column":17},"end":{"line":136,"column":null}}},"17":{"name":"(anonymous_17)","decl":{"start":{"line":140,"column":25},"end":{"line":140,"column":31}},"loc":{"start":{"line":140,"column":31},"end":{"line":144,"column":null}}},"18":{"name":"(anonymous_18)","decl":{"start":{"line":146,"column":22},"end":{"line":146,"column":null}},"loc":{"start":{"line":154,"column":7},"end":{"line":204,"column":null}}},"19":{"name":"(anonymous_19)","decl":{"start":{"line":165,"column":21},"end":{"line":165,"column":22}},"loc":{"start":{"line":165,"column":63},"end":{"line":199,"column":null}}},"20":{"name":"(anonymous_20)","decl":{"start":{"line":168,"column":64},"end":{"line":168,"column":65}},"loc":{"start":{"line":168,"column":86},"end":{"line":170,"column":12}}},"21":{"name":"(anonymous_21)","decl":{"start":{"line":175,"column":18},"end":{"line":175,"column":19}},"loc":{"start":{"line":175,"column":48},"end":{"line":175,"column":null}}},"22":{"name":"(anonymous_22)","decl":{"start":{"line":175,"column":62},"end":{"line":175,"column":63}},"loc":{"start":{"line":175,"column":81},"end":{"line":175,"column":113}}},"23":{"name":"(anonymous_23)","decl":{"start":{"line":207,"column":33},"end":{"line":207,"column":39}},"loc":{"start":{"line":207,"column":39},"end":{"line":218,"column":null}}},"24":{"name":"(anonymous_24)","decl":{"start":{"line":220,"column":12},"end":{"line":220,"column":18}},"loc":{"start":{"line":220,"column":18},"end":{"line":223,"column":5}}},"25":{"name":"(anonymous_25)","decl":{"start":{"line":260,"column":42},"end":{"line":260,"column":43}},"loc":{"start":{"line":260,"column":53},"end":{"line":260,"column":95}}}},"branchMap":{"0":{"loc":{"start":{"line":45,"column":4},"end":{"line":51,"column":null}},"type":"if","locations":[{"start":{"line":45,"column":4},"end":{"line":51,"column":null}},{"start":{},"end":{}}]},"1":{"loc":{"start":{"line":56,"column":4},"end":{"line":67,"column":null}},"type":"if","locations":[{"start":{"line":56,"column":4},"end":{"line":67,"column":null}},{"start":{},"end":{}}]},"2":{"loc":{"start":{"line":58,"column":6},"end":{"line":65,"column":null}},"type":"if","locations":[{"start":{"line":58,"column":6},"end":{"line":65,"column":null}},{"start":{"line":60,"column":13},"end":{"line":65,"column":null}}]},"3":{"loc":{"start":{"line":59,"column":23},"end":{"line":59,"column":60}},"type":"cond-expr","locations":[{"start":{"line":59,"column":44},"end":{"line":59,"column":54}},{"start":{"line":59,"column":54},"end":{"line":59,"column":60}}]},"4":{"loc":{"start":{"line":62,"column":8},"end":{"line":64,"column":null}},"type":"if","locations":[{"start":{"line":62,"column":8},"end":{"line":64,"column":null}},{"start":{},"end":{}}]},"5":{"loc":{"start":{"line":63,"column":25},"end":{"line":63,"column":62}},"type":"cond-expr","locations":[{"start":{"line":63,"column":46},"end":{"line":63,"column":56}},{"start":{"line":63,"column":56},"end":{"line":63,"column":62}}]},"6":{"loc":{"start":{"line":66,"column":25},"end":{"line":66,"column":60}},"type":"cond-expr","locations":[{"start":{"line":66,"column":46},"end":{"line":66,"column":56}},{"start":{"line":66,"column":56},"end":{"line":66,"column":60}}]},"7":{"loc":{"start":{"line":72,"column":4},"end":{"line":83,"column":null}},"type":"if","locations":[{"start":{"line":72,"column":4},"end":{"line":83,"column":null}},{"start":{},"end":{}}]},"8":{"loc":{"start":{"line":74,"column":6},"end":{"line":81,"column":null}},"type":"if","locations":[{"start":{"line":74,"column":6},"end":{"line":81,"column":null}},{"start":{"line":76,"column":13},"end":{"line":81,"column":null}}]},"9":{"loc":{"start":{"line":75,"column":37},"end":{"line":75,"column":74}},"type":"cond-expr","locations":[{"start":{"line":75,"column":58},"end":{"line":75,"column":68}},{"start":{"line":75,"column":68},"end":{"line":75,"column":74}}]},"10":{"loc":{"start":{"line":78,"column":8},"end":{"line":80,"column":null}},"type":"if","locations":[{"start":{"line":78,"column":8},"end":{"line":80,"column":null}},{"start":{},"end":{}}]},"11":{"loc":{"start":{"line":79,"column":39},"end":{"line":79,"column":76}},"type":"cond-expr","locations":[{"start":{"line":79,"column":60},"end":{"line":79,"column":70}},{"start":{"line":79,"column":70},"end":{"line":79,"column":76}}]},"12":{"loc":{"start":{"line":82,"column":30},"end":{"line":82,"column":65}},"type":"cond-expr","locations":[{"start":{"line":82,"column":51},"end":{"line":82,"column":61}},{"start":{"line":82,"column":61},"end":{"line":82,"column":65}}]},"13":{"loc":{"start":{"line":88,"column":4},"end":{"line":94,"column":null}},"type":"if","locations":[{"start":{"line":88,"column":4},"end":{"line":94,"column":null}},{"start":{},"end":{}}]},"14":{"loc":{"start":{"line":91,"column":6},"end":{"line":93,"column":null}},"type":"if","locations":[{"start":{"line":91,"column":6},"end":{"line":93,"column":null}},{"start":{},"end":{}}]},"15":{"loc":{"start":{"line":98,"column":4},"end":{"line":110,"column":null}},"type":"if","locations":[{"start":{"line":98,"column":4},"end":{"line":110,"column":null}},{"start":{"line":108,"column":11},"end":{"line":110,"column":null}}]},"16":{"loc":{"start":{"line":100,"column":6},"end":{"line":107,"column":null}},"type":"if","locations":[{"start":{"line":100,"column":6},"end":{"line":107,"column":null}},{"start":{"line":105,"column":13},"end":{"line":107,"column":null}}]},"17":{"loc":{"start":{"line":121,"column":4},"end":{"line":121,"column":null}},"type":"if","locations":[{"start":{"line":121,"column":4},"end":{"line":121,"column":null}},{"start":{},"end":{}}]},"18":{"loc":{"start":{"line":123,"column":4},"end":{"line":123,"column":null}},"type":"if","locations":[{"start":{"line":123,"column":4},"end":{"line":123,"column":null}},{"start":{},"end":{}}]},"19":{"loc":{"start":{"line":127,"column":8},"end":{"line":129,"column":null}},"type":"if","locations":[{"start":{"line":127,"column":8},"end":{"line":129,"column":null}},{"start":{},"end":{}}]},"20":{"loc":{"start":{"line":134,"column":4},"end":{"line":134,"column":null}},"type":"if","locations":[{"start":{"line":134,"column":4},"end":{"line":134,"column":null}},{"start":{},"end":{}}]},"21":{"loc":{"start":{"line":141,"column":4},"end":{"line":143,"column":null}},"type":"if","locations":[{"start":{"line":141,"column":4},"end":{"line":143,"column":null}},{"start":{},"end":{}}]},"22":{"loc":{"start":{"line":141,"column":8},"end":{"line":141,"column":33}},"type":"binary-expr","locations":[{"start":{"line":141,"column":8},"end":{"line":141,"column":20}},{"start":{"line":141,"column":20},"end":{"line":141,"column":33}}]},"23":{"loc":{"start":{"line":152,"column":4},"end":{"line":152,"column":null}},"type":"default-arg","locations":[{"start":{"line":152,"column":26},"end":{"line":152,"column":null}}]},"24":{"loc":{"start":{"line":153,"column":4},"end":{"line":153,"column":null}},"type":"default-arg","locations":[{"start":{"line":153,"column":25},"end":{"line":153,"column":null}}]},"25":{"loc":{"start":{"line":166,"column":10},"end":{"line":166,"column":null}},"type":"if","locations":[{"start":{"line":166,"column":10},"end":{"line":166,"column":null}},{"start":{},"end":{}}]},"26":{"loc":{"start":{"line":171,"column":29},"end":{"line":178,"column":null}},"type":"cond-expr","locations":[{"start":{"line":172,"column":14},"end":{"line":177,"column":null}},{"start":{"line":178,"column":14},"end":{"line":178,"column":null}}]},"27":{"loc":{"start":{"line":179,"column":10},"end":{"line":196,"column":null}},"type":"if","locations":[{"start":{"line":179,"column":10},"end":{"line":196,"column":null}},{"start":{"line":192,"column":10},"end":{"line":196,"column":null}}]},"28":{"loc":{"start":{"line":180,"column":33},"end":{"line":180,"column":45}},"type":"binary-expr","locations":[{"start":{"line":180,"column":33},"end":{"line":180,"column":43}},{"start":{"line":180,"column":43},"end":{"line":180,"column":45}}]},"29":{"loc":{"start":{"line":181,"column":40},"end":{"line":181,"column":52}},"type":"binary-expr","locations":[{"start":{"line":181,"column":40},"end":{"line":181,"column":50}},{"start":{"line":181,"column":50},"end":{"line":181,"column":52}}]},"30":{"loc":{"start":{"line":183,"column":12},"end":{"line":191,"column":null}},"type":"if","locations":[{"start":{"line":183,"column":12},"end":{"line":191,"column":null}},{"start":{},"end":{}}]},"31":{"loc":{"start":{"line":183,"column":12},"end":{"line":188,"column":null}},"type":"binary-expr","locations":[{"start":{"line":184,"column":15},"end":{"line":184,"column":26}},{"start":{"line":184,"column":26},"end":{"line":184,"column":null}},{"start":{"line":185,"column":14},"end":{"line":185,"column":null}},{"start":{"line":186,"column":14},"end":{"line":186,"column":null}},{"start":{"line":187,"column":14},"end":{"line":187,"column":null}},{"start":{"line":188,"column":14},"end":{"line":188,"column":null}}]},"32":{"loc":{"start":{"line":192,"column":10},"end":{"line":196,"column":null}},"type":"if","locations":[{"start":{"line":192,"column":10},"end":{"line":196,"column":null}},{"start":{},"end":{}}]},"33":{"loc":{"start":{"line":217,"column":4},"end":{"line":217,"column":null}},"type":"if","locations":[{"start":{"line":217,"column":4},"end":{"line":217,"column":null}},{"start":{},"end":{}}]},"34":{"loc":{"start":{"line":225,"column":2},"end":{"line":225,"column":null}},"type":"if","locations":[{"start":{"line":225,"column":2},"end":{"line":225,"column":null}},{"start":{},"end":{}}]},"35":{"loc":{"start":{"line":225,"column":6},"end":{"line":225,"column":39}},"type":"binary-expr","locations":[{"start":{"line":225,"column":6},"end":{"line":225,"column":17}},{"start":{"line":225,"column":17},"end":{"line":225,"column":39}}]},"36":{"loc":{"start":{"line":226,"column":2},"end":{"line":226,"column":null}},"type":"if","locations":[{"start":{"line":226,"column":2},"end":{"line":226,"column":null}},{"start":{},"end":{}}]},"37":{"loc":{"start":{"line":247,"column":7},"end":{"line":258,"column":null}},"type":"cond-expr","locations":[{"start":{"line":248,"column":8},"end":{"line":252,"column":null}},{"start":{"line":253,"column":10},"end":{"line":258,"column":null}}]},"38":{"loc":{"start":{"line":253,"column":10},"end":{"line":258,"column":null}},"type":"cond-expr","locations":[{"start":{"line":254,"column":8},"end":{"line":257,"column":null}},{"start":{"line":258,"column":10},"end":{"line":258,"column":null}}]},"39":{"loc":{"start":{"line":253,"column":10},"end":{"line":253,"column":null}},"type":"binary-expr","locations":[{"start":{"line":253,"column":10},"end":{"line":253,"column":27}},{"start":{"line":253,"column":27},"end":{"line":253,"column":43}},{"start":{"line":253,"column":43},"end":{"line":253,"column":70}},{"start":{"line":253,"column":70},"end":{"line":253,"column":86}},{"start":{"line":253,"column":86},"end":{"line":253,"column":null}}]},"40":{"loc":{"start":{"line":260,"column":9},"end":{"line":260,"column":null}},"type":"cond-expr","locations":[{"start":{"line":260,"column":30},"end":{"line":260,"column":99}},{"start":{"line":260,"column":99},"end":{"line":260,"column":null}}]},"41":{"loc":{"start":{"line":262,"column":7},"end":{"line":262,"column":null}},"type":"binary-expr","locations":[{"start":{"line":262,"column":7},"end":{"line":262,"column":29}},{"start":{"line":262,"column":29},"end":{"line":262,"column":null}}]},"42":{"loc":{"start":{"line":263,"column":7},"end":{"line":266,"column":null}},"type":"binary-expr","locations":[{"start":{"line":263,"column":7},"end":{"line":263,"column":23}},{"start":{"line":263,"column":23},"end":{"line":263,"column":null}},{"start":{"line":264,"column":8},"end":{"line":266,"column":null}}]},"43":{"loc":{"start":{"line":268,"column":7},"end":{"line":268,"column":null}},"type":"binary-expr","locations":[{"start":{"line":268,"column":7},"end":{"line":268,"column":22}},{"start":{"line":268,"column":22},"end":{"line":268,"column":null}}]}},"s":{"0":0,"1":0,"2":0,"3":0,"4":0,"5":0,"6":0,"7":0,"8":0,"9":0,"10":0,"11":0,"12":0,"13":0,"14":0,"15":0,"16":0,"17":0,"18":0,"19":0,"20":0,"21":0,"22":0,"23":0,"24":0,"25":0,"26":0,"27":0,"28":0,"29":0,"30":0,"31":0,"32":0,"33":0,"34":0,"35":0,"36":0,"37":0,"38":0,"39":0,"40":0,"41":0,"42":0,"43":0,"44":0,"45":0,"46":0,"47":0,"48":0,"49":0,"50":0,"51":0,"52":0,"53":0,"54":0,"55":0,"56":0,"57":0,"58":0,"59":0,"60":0,"61":0,"62":0,"63":0,"64":0,"65":0,"66":0,"67":0,"68":0,"69":0,"70":0,"71":0,"72":0,"73":0,"74":0,"75":0,"76":0,"77":0,"78":0,"79":0,"80":0,"81":0,"82":0,"83":0,"84":0,"85":0,"86":0,"87":0,"88":0,"89":0,"90":0,"91":0,"92":0,"93":0,"94":0,"95":0,"96":0,"97":0,"98":0,"99":0,"100":0,"101":0,"102":0,"103":0,"104":0,"105":0,"106":0,"107":0,"108":0,"109":0,"110":0,"111":0,"112":0,"113":0,"114":0},"f":{"0":0,"1":0,"2":0,"3":0,"4":0,"5":0,"6":0,"7":0,"8":0,"9":0,"10":0,"11":0,"12":0,"13":0,"14":0,"15":0,"16":0,"17":0,"18":0,"19":0,"20":0,"21":0,"22":0,"23":0,"24":0,"25":0},"b":{"0":[0,0],"1":[0,0],"2":[0,0],"3":[0,0],"4":[0,0],"5":[0,0],"6":[0,0],"7":[0,0],"8":[0,0],"9":[0,0],"10":[0,0],"11":[0,0],"12":[0,0],"13":[0,0],"14":[0,0],"15":[0,0],"16":[0,0],"17":[0,0],"18":[0,0],"19":[0,0],"20":[0,0],"21":[0,0],"22":[0,0],"23":[0],"24":[0],"25":[0,0],"26":[0,0],"27":[0,0],"28":[0,0],"29":[0,0],"30":[0,0],"31":[0,0,0,0,0,0],"32":[0,0],"33":[0,0],"34":[0,0],"35":[0,0],"36":[0,0],"37":[0,0],"38":[0,0],"39":[0,0,0,0,0],"40":[0,0],"41":[0,0],"42":[0,0,0],"43":[0,0]}}
,"C:/Users/synne/webdev/T35-Project-2/frontend/src/components/FavoritesGrid.tsx": {"path":"C:/Users/synne/webdev/T35-Project-2/frontend/src/components/FavoritesGrid.tsx","statementMap":{"0":{"start":{"line":20,"column":32},"end":{"line":20,"column":null}},"1":{"start":{"line":21,"column":40},"end":{"line":21,"column":null}},"2":{"start":{"line":22,"column":40},"end":{"line":22,"column":null}},"3":{"start":{"line":23,"column":19},"end":{"line":23,"column":null}},"4":{"start":{"line":24,"column":22},"end":{"line":24,"column":null}},"5":{"start":{"line":27,"column":2},"end":{"line":31,"column":null}},"6":{"start":{"line":28,"column":28},"end":{"line":28,"column":null}},"7":{"start":{"line":29,"column":4},"end":{"line":29,"column":null}},"8":{"start":{"line":30,"column":4},"end":{"line":30,"column":null}},"9":{"start":{"line":34,"column":24},"end":{"line":45,"column":null}},"10":{"start":{"line":35,"column":4},"end":{"line":44,"column":null}},"11":{"start":{"line":36,"column":28},"end":{"line":36,"column":null}},"12":{"start":{"line":37,"column":23},"end":{"line":37,"column":null}},"13":{"start":{"line":39,"column":6},"end":{"line":43,"column":null}},"14":{"start":{"line":40,"column":8},"end":{"line":40,"column":null}},"15":{"start":{"line":40,"column":33},"end":{"line":40,"column":55}},"16":{"start":{"line":42,"column":8},"end":{"line":42,"column":null}},"17":{"start":{"line":48,"column":2},"end":{"line":65,"column":null}},"18":{"start":{"line":49,"column":4},"end":{"line":49,"column":null}},"19":{"start":{"line":49,"column":30},"end":{"line":49,"column":null}},"20":{"start":{"line":51,"column":4},"end":{"line":51,"column":null}},"21":{"start":{"line":51,"column":26},"end":{"line":51,"column":null}},"22":{"start":{"line":53,"column":4},"end":{"line":60,"column":null}},"23":{"start":{"line":55,"column":8},"end":{"line":57,"column":null}},"24":{"start":{"line":56,"column":10},"end":{"line":56,"column":null}},"25":{"start":{"line":62,"column":4},"end":{"line":62,"column":null}},"26":{"start":{"line":62,"column":29},"end":{"line":62,"column":null}},"27":{"start":{"line":64,"column":4},"end":{"line":64,"column":null}},"28":{"start":{"line":64,"column":17},"end":{"line":64,"column":null}},"29":{"start":{"line":67,"column":2},"end":{"line":94,"column":null}},"30":{"start":{"line":75,"column":37},"end":{"line":75,"column":79}}},"fnMap":{"0":{"name":"FavoritesGrid","decl":{"start":{"line":19,"column":9},"end":{"line":19,"column":25}},"loc":{"start":{"line":19,"column":25},"end":{"line":96,"column":null}}},"1":{"name":"(anonymous_1)","decl":{"start":{"line":27,"column":12},"end":{"line":27,"column":18}},"loc":{"start":{"line":27,"column":18},"end":{"line":31,"column":5}}},"2":{"name":"(anonymous_2)","decl":{"start":{"line":34,"column":36},"end":{"line":34,"column":42}},"loc":{"start":{"line":34,"column":42},"end":{"line":45,"column":5}}},"3":{"name":"(anonymous_3)","decl":{"start":{"line":35,"column":15},"end":{"line":35,"column":21}},"loc":{"start":{"line":35,"column":21},"end":{"line":44,"column":7}}},"4":{"name":"(anonymous_4)","decl":{"start":{"line":40,"column":23},"end":{"line":40,"column":24}},"loc":{"start":{"line":40,"column":33},"end":{"line":40,"column":55}}},"5":{"name":"(anonymous_5)","decl":{"start":{"line":48,"column":12},"end":{"line":48,"column":18}},"loc":{"start":{"line":48,"column":18},"end":{"line":65,"column":5}}},"6":{"name":"(anonymous_6)","decl":{"start":{"line":54,"column":6},"end":{"line":54,"column":7}},"loc":{"start":{"line":54,"column":19},"end":{"line":58,"column":null}}},"7":{"name":"(anonymous_7)","decl":{"start":{"line":64,"column":11},"end":{"line":64,"column":17}},"loc":{"start":{"line":64,"column":17},"end":{"line":64,"column":null}}},"8":{"name":"(anonymous_8)","decl":{"start":{"line":75,"column":26},"end":{"line":75,"column":27}},"loc":{"start":{"line":75,"column":37},"end":{"line":75,"column":79}}}},"branchMap":{"0":{"loc":{"start":{"line":39,"column":6},"end":{"line":43,"column":null}},"type":"if","locations":[{"start":{"line":39,"column":6},"end":{"line":43,"column":null}},{"start":{"line":41,"column":13},"end":{"line":43,"column":null}}]},"1":{"loc":{"start":{"line":49,"column":4},"end":{"line":49,"column":null}},"type":"if","locations":[{"start":{"line":49,"column":4},"end":{"line":49,"column":null}},{"start":{},"end":{}}]},"2":{"loc":{"start":{"line":51,"column":4},"end":{"line":51,"column":null}},"type":"if","locations":[{"start":{"line":51,"column":4},"end":{"line":51,"column":null}},{"start":{},"end":{}}]},"3":{"loc":{"start":{"line":55,"column":8},"end":{"line":57,"column":null}},"type":"if","locations":[{"start":{"line":55,"column":8},"end":{"line":57,"column":null}},{"start":{},"end":{}}]},"4":{"loc":{"start":{"line":62,"column":4},"end":{"line":62,"column":null}},"type":"if","locations":[{"start":{"line":62,"column":4},"end":{"line":62,"column":null}},{"start":{},"end":{}}]},"5":{"loc":{"start":{"line":74,"column":9},"end":{"line":82,"column":null}},"type":"cond-expr","locations":[{"start":{"line":75,"column":10},"end":{"line":75,"column":null}},{"start":{"line":77,"column":10},"end":{"line":82,"column":null}}]},"6":{"loc":{"start":{"line":87,"column":7},"end":{"line":90,"column":null}},"type":"binary-expr","locations":[{"start":{"line":87,"column":7},"end":{"line":87,"column":null}},{"start":{"line":88,"column":8},"end":{"line":90,"column":null}}]},"7":{"loc":{"start":{"line":93,"column":7},"end":{"line":93,"column":null}},"type":"binary-expr","locations":[{"start":{"line":93,"column":7},"end":{"line":93,"column":22}},{"start":{"line":93,"column":22},"end":{"line":93,"column":null}}]}},"s":{"0":2,"1":2,"2":2,"3":2,"4":2,"5":2,"6":1,"7":1,"8":1,"9":2,"10":2,"11":1,"12":1,"13":1,"14":0,"15":0,"16":1,"17":2,"18":2,"19":0,"20":2,"21":1,"22":2,"23":2,"24":2,"25":2,"26":2,"27":2,"28":2,"29":2,"30":8},"f":{"0":2,"1":1,"2":2,"3":1,"4":0,"5":2,"6":2,"7":2,"8":8},"b":{"0":[0,1],"1":[0,2],"2":[1,1],"3":[2,0],"4":[2,0],"5":[1,1],"6":[2,0],"7":[2,2]}}
,"C:/Users/synne/webdev/T35-Project-2/frontend/src/components/ModeChange.tsx": {"path":"C:/Users/synne/webdev/T35-Project-2/frontend/src/components/ModeChange.tsx","statementMap":{"0":{"start":{"line":9,"column":16},"end":{"line":9,"column":null}},"1":{"start":{"line":10,"column":15},"end":{"line":10,"column":null}},"2":{"start":{"line":11,"column":22},"end":{"line":11,"column":null}},"3":{"start":{"line":13,"column":23},"end":{"line":19,"column":null}},"4":{"start":{"line":14,"column":4},"end":{"line":18,"column":null}},"5":{"start":{"line":15,"column":6},"end":{"line":15,"column":null}},"6":{"start":{"line":17,"column":6},"end":{"line":17,"column":null}},"7":{"start":{"line":21,"column":20},"end":{"line":21,"column":null}},"8":{"start":{"line":22,"column":2},"end":{"line":27,"column":null}}},"fnMap":{"0":{"name":"ModeChange","decl":{"start":{"line":8,"column":24},"end":{"line":8,"column":37}},"loc":{"start":{"line":8,"column":37},"end":{"line":29,"column":null}}},"1":{"name":"(anonymous_1)","decl":{"start":{"line":13,"column":23},"end":{"line":13,"column":29}},"loc":{"start":{"line":13,"column":29},"end":{"line":19,"column":null}}}},"branchMap":{"0":{"loc":{"start":{"line":14,"column":4},"end":{"line":18,"column":null}},"type":"if","locations":[{"start":{"line":14,"column":4},"end":{"line":18,"column":null}},{"start":{"line":16,"column":11},"end":{"line":18,"column":null}}]},"1":{"loc":{"start":{"line":21,"column":20},"end":{"line":21,"column":null}},"type":"cond-expr","locations":[{"start":{"line":21,"column":38},"end":{"line":21,"column":48}},{"start":{"line":21,"column":48},"end":{"line":21,"column":null}}]},"2":{"loc":{"start":{"line":25,"column":9},"end":{"line":25,"column":null}},"type":"cond-expr","locations":[{"start":{"line":25,"column":27},"end":{"line":25,"column":69}},{"start":{"line":25,"column":69},"end":{"line":25,"column":null}}]}},"s":{"0":3,"1":3,"2":3,"3":3,"4":2,"5":1,"6":1,"7":3,"8":3},"f":{"0":3,"1":2},"b":{"0":[1,1],"1":[1,2],"2":[1,2]}}
,"C:/Users/synne/webdev/T35-Project-2/frontend/src/components/Navbar.tsx": {"path":"C:/Users/synne/webdev/T35-Project-2/frontend/src/components/Navbar.tsx","statementMap":{"0":{"start":{"line":21,"column":44},"end":{"line":21,"column":null}},"1":{"start":{"line":24,"column":24},"end":{"line":26,"column":null}},"2":{"start":{"line":25,"column":4},"end":{"line":25,"column":null}},"3":{"start":{"line":29,"column":2},"end":{"line":29,"column":null}},"4":{"start":{"line":29,"column":15},"end":{"line":29,"column":null}},"5":{"start":{"line":30,"column":2},"end":{"line":30,"column":null}},"6":{"start":{"line":30,"column":13},"end":{"line":30,"column":null}},"7":{"start":{"line":32,"column":2},"end":{"line":66,"column":null}}},"fnMap":{"0":{"name":"Navbar","decl":{"start":{"line":20,"column":9},"end":{"line":20,"column":18}},"loc":{"start":{"line":20,"column":18},"end":{"line":68,"column":null}}},"1":{"name":"(anonymous_1)","decl":{"start":{"line":24,"column":24},"end":{"line":24,"column":30}},"loc":{"start":{"line":24,"column":30},"end":{"line":26,"column":null}}}},"branchMap":{"0":{"loc":{"start":{"line":29,"column":2},"end":{"line":29,"column":null}},"type":"if","locations":[{"start":{"line":29,"column":2},"end":{"line":29,"column":null}},{"start":{},"end":{}}]},"1":{"loc":{"start":{"line":30,"column":2},"end":{"line":30,"column":null}},"type":"if","locations":[{"start":{"line":30,"column":2},"end":{"line":30,"column":null}},{"start":{},"end":{}}]}},"s":{"0":0,"1":0,"2":0,"3":0,"4":0,"5":0,"6":0,"7":0},"f":{"0":0,"1":0},"b":{"0":[0,0],"1":[0,0]}}
,"C:/Users/synne/webdev/T35-Project-2/frontend/src/components/ScrollButton.tsx": {"path":"C:/Users/synne/webdev/T35-Project-2/frontend/src/components/ScrollButton.tsx","statementMap":{"0":{"start":{"line":6,"column":31},"end":{"line":37,"column":null}},"1":{"start":{"line":7,"column":34},"end":{"line":7,"column":null}},"2":{"start":{"line":9,"column":26},"end":{"line":12,"column":null}},"3":{"start":{"line":10,"column":25},"end":{"line":10,"column":null}},"4":{"start":{"line":11,"column":8},"end":{"line":11,"column":null}},"5":{"start":{"line":14,"column":24},"end":{"line":19,"column":null}},"6":{"start":{"line":15,"column":8},"end":{"line":18,"column":null}},"7":{"start":{"line":21,"column":4},"end":{"line":26,"column":null}},"8":{"start":{"line":22,"column":8},"end":{"line":22,"column":null}},"9":{"start":{"line":23,"column":8},"end":{"line":25,"column":null}},"10":{"start":{"line":24,"column":12},"end":{"line":24,"column":null}},"11":{"start":{"line":28,"column":4},"end":{"line":35,"column":null}}},"fnMap":{"0":{"name":"(anonymous_0)","decl":{"start":{"line":6,"column":31},"end":{"line":6,"column":37}},"loc":{"start":{"line":6,"column":37},"end":{"line":37,"column":null}}},"1":{"name":"(anonymous_1)","decl":{"start":{"line":9,"column":26},"end":{"line":9,"column":38}},"loc":{"start":{"line":9,"column":38},"end":{"line":12,"column":null}}},"2":{"name":"(anonymous_2)","decl":{"start":{"line":14,"column":24},"end":{"line":14,"column":36}},"loc":{"start":{"line":14,"column":36},"end":{"line":19,"column":null}}},"3":{"name":"(anonymous_3)","decl":{"start":{"line":21,"column":14},"end":{"line":21,"column":20}},"loc":{"start":{"line":21,"column":20},"end":{"line":26,"column":7}}},"4":{"name":"(anonymous_4)","decl":{"start":{"line":23,"column":15},"end":{"line":23,"column":21}},"loc":{"start":{"line":23,"column":21},"end":{"line":25,"column":null}}}},"branchMap":{"0":{"loc":{"start":{"line":32,"column":34},"end":{"line":32,"column":62}},"type":"cond-expr","locations":[{"start":{"line":32,"column":44},"end":{"line":32,"column":55}},{"start":{"line":32,"column":55},"end":{"line":32,"column":62}}]}},"s":{"0":0,"1":0,"2":0,"3":0,"4":0,"5":0,"6":0,"7":0,"8":0,"9":0,"10":0,"11":0},"f":{"0":0,"1":0,"2":0,"3":0,"4":0},"b":{"0":[0,0]}}
,"C:/Users/synne/webdev/T35-Project-2/frontend/src/components/Search.tsx": {"path":"C:/Users/synne/webdev/T35-Project-2/frontend/src/components/Search.tsx","statementMap":{"0":{"start":{"line":9,"column":38},"end":{"line":22,"column":null}},"1":{"start":{"line":10,"column":2},"end":{"line":20,"column":null}},"2":{"start":{"line":18,"column":25},"end":{"line":18,"column":null}}},"fnMap":{"0":{"name":"(anonymous_0)","decl":{"start":{"line":9,"column":38},"end":{"line":9,"column":39}},"loc":{"start":{"line":9,"column":76},"end":{"line":22,"column":null}}},"1":{"name":"(anonymous_1)","decl":{"start":{"line":18,"column":18},"end":{"line":18,"column":19}},"loc":{"start":{"line":18,"column":25},"end":{"line":18,"column":null}}}},"branchMap":{},"s":{"0":1,"1":1,"2":0},"f":{"0":1,"1":0},"b":{}}
,"C:/Users/synne/webdev/T35-Project-2/frontend/src/components/SizeFiltering.tsx": {"path":"C:/Users/synne/webdev/T35-Project-2/frontend/src/components/SizeFiltering.tsx","statementMap":{"0":{"start":{"line":9,"column":48},"end":{"line":56,"column":null}},"1":{"start":{"line":10,"column":44},"end":{"line":10,"column":null}},"2":{"start":{"line":12,"column":24},"end":{"line":12,"column":null}},"3":{"start":{"line":15,"column":2},"end":{"line":19,"column":null}},"4":{"start":{"line":16,"column":4},"end":{"line":18,"column":null}},"5":{"start":{"line":17,"column":6},"end":{"line":17,"column":null}},"6":{"start":{"line":22,"column":2},"end":{"line":27,"column":null}},"7":{"start":{"line":23,"column":4},"end":{"line":26,"column":null}},"8":{"start":{"line":24,"column":6},"end":{"line":24,"column":null}},"9":{"start":{"line":25,"column":6},"end":{"line":25,"column":null}},"10":{"start":{"line":29,"column":16},"end":{"line":29,"column":null}},"11":{"start":{"line":31,"column":27},"end":{"line":33,"column":null}},"12":{"start":{"line":32,"column":4},"end":{"line":32,"column":null}},"13":{"start":{"line":35,"column":2},"end":{"line":54,"column":null}},"14":{"start":{"line":44,"column":36},"end":{"line":44,"column":null}},"15":{"start":{"line":48,"column":10},"end":{"line":51,"column":null}}},"fnMap":{"0":{"name":"(anonymous_0)","decl":{"start":{"line":9,"column":48},"end":{"line":9,"column":49}},"loc":{"start":{"line":9,"column":86},"end":{"line":56,"column":null}}},"1":{"name":"(anonymous_1)","decl":{"start":{"line":15,"column":12},"end":{"line":15,"column":18}},"loc":{"start":{"line":15,"column":18},"end":{"line":19,"column":5}}},"2":{"name":"(anonymous_2)","decl":{"start":{"line":22,"column":12},"end":{"line":22,"column":18}},"loc":{"start":{"line":22,"column":18},"end":{"line":27,"column":5}}},"3":{"name":"(anonymous_3)","decl":{"start":{"line":31,"column":27},"end":{"line":31,"column":28}},"loc":{"start":{"line":31,"column":77},"end":{"line":33,"column":null}}},"4":{"name":"(anonymous_4)","decl":{"start":{"line":44,"column":21},"end":{"line":44,"column":22}},"loc":{"start":{"line":44,"column":36},"end":{"line":44,"column":null}}},"5":{"name":"(anonymous_5)","decl":{"start":{"line":47,"column":19},"end":{"line":47,"column":20}},"loc":{"start":{"line":48,"column":10},"end":{"line":51,"column":null}}}},"branchMap":{"0":{"loc":{"start":{"line":16,"column":4},"end":{"line":18,"column":null}},"type":"if","locations":[{"start":{"line":16,"column":4},"end":{"line":18,"column":null}},{"start":{},"end":{}}]},"1":{"loc":{"start":{"line":23,"column":4},"end":{"line":26,"column":null}},"type":"if","locations":[{"start":{"line":23,"column":4},"end":{"line":26,"column":null}},{"start":{},"end":{}}]},"2":{"loc":{"start":{"line":23,"column":8},"end":{"line":23,"column":60}},"type":"binary-expr","locations":[{"start":{"line":23,"column":8},"end":{"line":23,"column":34}},{"start":{"line":23,"column":34},"end":{"line":23,"column":60}}]}},"s":{"0":1,"1":3,"2":3,"3":3,"4":2,"5":1,"6":3,"7":3,"8":1,"9":1,"10":3,"11":3,"12":0,"13":3,"14":2,"15":12},"f":{"0":3,"1":2,"2":3,"3":0,"4":2,"5":12},"b":{"0":[1,1],"1":[1,2],"2":[3,3]}}
,"C:/Users/synne/webdev/T35-Project-2/frontend/src/components/SortingMenu.tsx": {"path":"C:/Users/synne/webdev/T35-Project-2/frontend/src/components/SortingMenu.tsx","statementMap":{"0":{"start":{"line":9,"column":44},"end":{"line":45,"column":null}},"1":{"start":{"line":10,"column":46},"end":{"line":10,"column":null}},"2":{"start":{"line":13,"column":2},"end":{"line":15,"column":null}},"3":{"start":{"line":14,"column":4},"end":{"line":14,"column":null}},"4":{"start":{"line":19,"column":23},"end":{"line":23,"column":null}},"5":{"start":{"line":20,"column":18},"end":{"line":20,"column":null}},"6":{"start":{"line":21,"column":4},"end":{"line":21,"column":null}},"7":{"start":{"line":22,"column":4},"end":{"line":22,"column":null}},"8":{"start":{"line":25,"column":2},"end":{"line":43,"column":null}}},"fnMap":{"0":{"name":"(anonymous_0)","decl":{"start":{"line":9,"column":44},"end":{"line":9,"column":45}},"loc":{"start":{"line":9,"column":78},"end":{"line":45,"column":null}}},"1":{"name":"(anonymous_1)","decl":{"start":{"line":13,"column":12},"end":{"line":13,"column":18}},"loc":{"start":{"line":13,"column":18},"end":{"line":15,"column":5}}},"2":{"name":"(anonymous_2)","decl":{"start":{"line":19,"column":23},"end":{"line":19,"column":24}},"loc":{"start":{"line":19,"column":61},"end":{"line":23,"column":null}}}},"branchMap":{"0":{"loc":{"start":{"line":14,"column":22},"end":{"line":14,"column":38}},"type":"binary-expr","locations":[{"start":{"line":14,"column":22},"end":{"line":14,"column":36}},{"start":{"line":14,"column":36},"end":{"line":14,"column":38}}]}},"s":{"0":1,"1":2,"2":2,"3":1,"4":2,"5":0,"6":0,"7":0,"8":2},"f":{"0":2,"1":1,"2":0},"b":{"0":[1,0]}}
,"C:/Users/synne/webdev/T35-Project-2/frontend/src/components/StatsFilterMenu.tsx": {"path":"C:/Users/synne/webdev/T35-Project-2/frontend/src/components/StatsFilterMenu.tsx","statementMap":{"0":{"start":{"line":9,"column":50},"end":{"line":61,"column":null}},"1":{"start":{"line":10,"column":46},"end":{"line":10,"column":null}},"2":{"start":{"line":12,"column":24},"end":{"line":12,"column":null}},"3":{"start":{"line":15,"column":2},"end":{"line":19,"column":null}},"4":{"start":{"line":16,"column":4},"end":{"line":18,"column":null}},"5":{"start":{"line":17,"column":6},"end":{"line":17,"column":null}},"6":{"start":{"line":22,"column":2},"end":{"line":27,"column":null}},"7":{"start":{"line":23,"column":4},"end":{"line":26,"column":null}},"8":{"start":{"line":24,"column":6},"end":{"line":24,"column":null}},"9":{"start":{"line":25,"column":6},"end":{"line":25,"column":null}},"10":{"start":{"line":30,"column":23},"end":{"line":32,"column":null}},"11":{"start":{"line":31,"column":4},"end":{"line":31,"column":null}},"12":{"start":{"line":34,"column":2},"end":{"line":59,"column":null}},"13":{"start":{"line":43,"column":36},"end":{"line":43,"column":null}}},"fnMap":{"0":{"name":"(anonymous_0)","decl":{"start":{"line":9,"column":50},"end":{"line":9,"column":51}},"loc":{"start":{"line":9,"column":93},"end":{"line":61,"column":null}}},"1":{"name":"(anonymous_1)","decl":{"start":{"line":15,"column":12},"end":{"line":15,"column":18}},"loc":{"start":{"line":15,"column":18},"end":{"line":19,"column":5}}},"2":{"name":"(anonymous_2)","decl":{"start":{"line":22,"column":12},"end":{"line":22,"column":18}},"loc":{"start":{"line":22,"column":18},"end":{"line":27,"column":5}}},"3":{"name":"(anonymous_3)","decl":{"start":{"line":30,"column":23},"end":{"line":30,"column":24}},"loc":{"start":{"line":30,"column":63},"end":{"line":32,"column":null}}},"4":{"name":"(anonymous_4)","decl":{"start":{"line":43,"column":21},"end":{"line":43,"column":22}},"loc":{"start":{"line":43,"column":36},"end":{"line":43,"column":null}}}},"branchMap":{"0":{"loc":{"start":{"line":16,"column":4},"end":{"line":18,"column":null}},"type":"if","locations":[{"start":{"line":16,"column":4},"end":{"line":18,"column":null}},{"start":{},"end":{}}]},"1":{"loc":{"start":{"line":23,"column":4},"end":{"line":26,"column":null}},"type":"if","locations":[{"start":{"line":23,"column":4},"end":{"line":26,"column":null}},{"start":{},"end":{}}]},"2":{"loc":{"start":{"line":23,"column":8},"end":{"line":23,"column":61}},"type":"binary-expr","locations":[{"start":{"line":23,"column":8},"end":{"line":23,"column":34}},{"start":{"line":23,"column":34},"end":{"line":23,"column":61}}]}},"s":{"0":0,"1":0,"2":0,"3":0,"4":0,"5":0,"6":0,"7":0,"8":0,"9":0,"10":0,"11":0,"12":0,"13":0},"f":{"0":0,"1":0,"2":0,"3":0,"4":0},"b":{"0":[0,0],"1":[0,0],"2":[0,0]}}
,"C:/Users/synne/webdev/T35-Project-2/frontend/src/components/redux/store.ts": {"path":"C:/Users/synne/webdev/T35-Project-2/frontend/src/components/redux/store.ts","statementMap":{"0":{"start":{"line":4,"column":14},"end":{"line":4,"column":null}}},"fnMap":{},"branchMap":{},"s":{"0":0},"f":{},"b":{}}
,"C:/Users/synne/webdev/T35-Project-2/frontend/src/components/redux/actions/index.ts": {"path":"C:/Users/synne/webdev/T35-Project-2/frontend/src/components/redux/actions/index.ts","statementMap":{"0":{"start":{"line":3,"column":25},"end":{"line":6,"column":null}},"1":{"start":{"line":3,"column":56},"end":{"line":6,"column":null}},"2":{"start":{"line":8,"column":23},"end":{"line":11,"column":null}},"3":{"start":{"line":8,"column":45},"end":{"line":11,"column":null}},"4":{"start":{"line":13,"column":25},"end":{"line":16,"column":null}},"5":{"start":{"line":13,"column":50},"end":{"line":16,"column":null}},"6":{"start":{"line":18,"column":30},"end":{"line":21,"column":null}},"7":{"start":{"line":18,"column":60},"end":{"line":21,"column":null}}},"fnMap":{"0":{"name":"(anonymous_0)","decl":{"start":{"line":3,"column":25},"end":{"line":3,"column":26}},"loc":{"start":{"line":3,"column":56},"end":{"line":6,"column":null}}},"1":{"name":"(anonymous_1)","decl":{"start":{"line":8,"column":23},"end":{"line":8,"column":24}},"loc":{"start":{"line":8,"column":45},"end":{"line":11,"column":null}}},"2":{"name":"(anonymous_2)","decl":{"start":{"line":13,"column":25},"end":{"line":13,"column":26}},"loc":{"start":{"line":13,"column":50},"end":{"line":16,"column":null}}},"3":{"name":"(anonymous_3)","decl":{"start":{"line":18,"column":30},"end":{"line":18,"column":31}},"loc":{"start":{"line":18,"column":60},"end":{"line":21,"column":null}}}},"branchMap":{},"s":{"0":0,"1":0,"2":0,"3":0,"4":0,"5":0,"6":0,"7":0},"f":{"0":0,"1":0,"2":0,"3":0},"b":{}}
,"C:/Users/synne/webdev/T35-Project-2/frontend/src/components/redux/actions/types.ts": {"path":"C:/Users/synne/webdev/T35-Project-2/frontend/src/components/redux/actions/types.ts","statementMap":{"0":{"start":{"line":1,"column":26},"end":{"line":1,"column":null}},"1":{"start":{"line":2,"column":24},"end":{"line":2,"column":null}},"2":{"start":{"line":3,"column":26},"end":{"line":3,"column":null}},"3":{"start":{"line":4,"column":32},"end":{"line":4,"column":null}}},"fnMap":{},"branchMap":{},"s":{"0":0,"1":0,"2":0,"3":0},"f":{},"b":{}}
,"C:/Users/synne/webdev/T35-Project-2/frontend/src/components/redux/reducers/filterReducer.ts": {"path":"C:/Users/synne/webdev/T35-Project-2/frontend/src/components/redux/reducers/filterReducer.ts","statementMap":{"0":{"start":{"line":3,"column":38},"end":{"line":3,"column":null}},"1":{"start":{"line":5,"column":22},"end":{"line":12,"column":null}},"2":{"start":{"line":6,"column":2},"end":{"line":11,"column":null}},"3":{"start":{"line":8,"column":6},"end":{"line":8,"column":null}},"4":{"start":{"line":10,"column":6},"end":{"line":10,"column":null}}},"fnMap":{"0":{"name":"(anonymous_0)","decl":{"start":{"line":5,"column":22},"end":{"line":5,"column":23}},"loc":{"start":{"line":5,"column":61},"end":{"line":12,"column":null}}}},"branchMap":{"0":{"loc":{"start":{"line":5,"column":23},"end":{"line":5,"column":45}},"type":"default-arg","locations":[{"start":{"line":5,"column":31},"end":{"line":5,"column":45}}]},"1":{"loc":{"start":{"line":6,"column":2},"end":{"line":11,"column":null}},"type":"switch","locations":[{"start":{"line":7,"column":4},"end":{"line":8,"column":null}},{"start":{"line":9,"column":4},"end":{"line":10,"column":null}}]}},"s":{"0":0,"1":0,"2":0,"3":0,"4":0},"f":{"0":0},"b":{"0":[0],"1":[0,0]}}
,"C:/Users/synne/webdev/T35-Project-2/frontend/src/components/redux/reducers/index.ts": {"path":"C:/Users/synne/webdev/T35-Project-2/frontend/src/components/redux/reducers/index.ts","statementMap":{"0":{"start":{"line":7,"column":20},"end":{"line":12,"column":null}}},"fnMap":{},"branchMap":{},"s":{"0":0},"f":{},"b":{}}
,"C:/Users/synne/webdev/T35-Project-2/frontend/src/components/redux/reducers/searchReducer.ts": {"path":"C:/Users/synne/webdev/T35-Project-2/frontend/src/components/redux/reducers/searchReducer.ts","statementMap":{"0":{"start":{"line":3,"column":21},"end":{"line":3,"column":null}},"1":{"start":{"line":5,"column":22},"end":{"line":12,"column":null}},"2":{"start":{"line":6,"column":2},"end":{"line":11,"column":null}},"3":{"start":{"line":8,"column":6},"end":{"line":8,"column":null}},"4":{"start":{"line":10,"column":6},"end":{"line":10,"column":null}}},"fnMap":{"0":{"name":"(anonymous_0)","decl":{"start":{"line":5,"column":22},"end":{"line":5,"column":23}},"loc":{"start":{"line":5,"column":61},"end":{"line":12,"column":null}}}},"branchMap":{"0":{"loc":{"start":{"line":5,"column":23},"end":{"line":5,"column":45}},"type":"default-arg","locations":[{"start":{"line":5,"column":31},"end":{"line":5,"column":45}}]},"1":{"loc":{"start":{"line":6,"column":2},"end":{"line":11,"column":null}},"type":"switch","locations":[{"start":{"line":7,"column":4},"end":{"line":8,"column":null}},{"start":{"line":9,"column":4},"end":{"line":10,"column":null}}]}},"s":{"0":0,"1":0,"2":0,"3":0,"4":0},"f":{"0":0},"b":{"0":[0],"1":[0,0]}}
,"C:/Users/synne/webdev/T35-Project-2/frontend/src/components/redux/reducers/sortReducer.ts": {"path":"C:/Users/synne/webdev/T35-Project-2/frontend/src/components/redux/reducers/sortReducer.ts","statementMap":{"0":{"start":{"line":3,"column":36},"end":{"line":3,"column":null}},"1":{"start":{"line":5,"column":20},"end":{"line":12,"column":null}},"2":{"start":{"line":6,"column":2},"end":{"line":11,"column":null}},"3":{"start":{"line":8,"column":6},"end":{"line":8,"column":null}},"4":{"start":{"line":10,"column":6},"end":{"line":10,"column":null}}},"fnMap":{"0":{"name":"(anonymous_0)","decl":{"start":{"line":5,"column":20},"end":{"line":5,"column":21}},"loc":{"start":{"line":5,"column":59},"end":{"line":12,"column":null}}}},"branchMap":{"0":{"loc":{"start":{"line":5,"column":21},"end":{"line":5,"column":43}},"type":"default-arg","locations":[{"start":{"line":5,"column":29},"end":{"line":5,"column":43}}]},"1":{"loc":{"start":{"line":6,"column":2},"end":{"line":11,"column":null}},"type":"switch","locations":[{"start":{"line":7,"column":4},"end":{"line":8,"column":null}},{"start":{"line":9,"column":4},"end":{"line":10,"column":null}}]}},"s":{"0":0,"1":0,"2":0,"3":0,"4":0},"f":{"0":0},"b":{"0":[0],"1":[0,0]}}
,"C:/Users/synne/webdev/T35-Project-2/frontend/src/components/redux/reducers/statsFilterReducer.ts": {"path":"C:/Users/synne/webdev/T35-Project-2/frontend/src/components/redux/reducers/statsFilterReducer.ts","statementMap":{"0":{"start":{"line":3,"column":38},"end":{"line":3,"column":null}},"1":{"start":{"line":5,"column":27},"end":{"line":12,"column":null}},"2":{"start":{"line":6,"column":2},"end":{"line":11,"column":null}},"3":{"start":{"line":8,"column":6},"end":{"line":8,"column":null}},"4":{"start":{"line":10,"column":6},"end":{"line":10,"column":null}}},"fnMap":{"0":{"name":"(anonymous_0)","decl":{"start":{"line":5,"column":27},"end":{"line":5,"column":28}},"loc":{"start":{"line":5,"column":66},"end":{"line":12,"column":null}}}},"branchMap":{"0":{"loc":{"start":{"line":5,"column":28},"end":{"line":5,"column":50}},"type":"default-arg","locations":[{"start":{"line":5,"column":36},"end":{"line":5,"column":50}}]},"1":{"loc":{"start":{"line":6,"column":2},"end":{"line":11,"column":null}},"type":"switch","locations":[{"start":{"line":7,"column":4},"end":{"line":8,"column":null}},{"start":{"line":9,"column":4},"end":{"line":10,"column":null}}]}},"s":{"0":0,"1":0,"2":0,"3":0,"4":0},"f":{"0":0},"b":{"0":[0],"1":[0,0]}}
,"C:/Users/synne/webdev/T35-Project-2/frontend/src/components/ui/button.tsx": {"path":"C:/Users/synne/webdev/T35-Project-2/frontend/src/components/ui/button.tsx","statementMap":{"0":{"start":{"line":7,"column":23},"end":{"line":31,"column":null}},"1":{"start":{"line":39,"column":15},"end":{"line":44,"column":null}},"2":{"start":{"line":41,"column":17},"end":{"line":41,"column":null}},"3":{"start":{"line":42,"column":4},"end":{"line":42,"column":null}},"4":{"start":{"line":45,"column":0},"end":{"line":45,"column":null}}},"fnMap":{"0":{"name":"(anonymous_0)","decl":{"start":{"line":40,"column":2},"end":{"line":40,"column":3}},"loc":{"start":{"line":40,"column":68},"end":{"line":43,"column":null}}}},"branchMap":{"0":{"loc":{"start":{"line":40,"column":31},"end":{"line":40,"column":48}},"type":"default-arg","locations":[{"start":{"line":40,"column":41},"end":{"line":40,"column":48}}]},"1":{"loc":{"start":{"line":41,"column":17},"end":{"line":41,"column":null}},"type":"cond-expr","locations":[{"start":{"line":41,"column":27},"end":{"line":41,"column":34}},{"start":{"line":41,"column":34},"end":{"line":41,"column":null}}]}},"s":{"0":0,"1":0,"2":0,"3":0,"4":0},"f":{"0":0},"b":{"0":[0],"1":[0,0]}}
,"C:/Users/synne/webdev/T35-Project-2/frontend/src/components/ui/card.tsx": {"path":"C:/Users/synne/webdev/T35-Project-2/frontend/src/components/ui/card.tsx","statementMap":{"0":{"start":{"line":5,"column":13},"end":{"line":7,"column":null}},"1":{"start":{"line":6,"column":2},"end":{"line":6,"column":null}},"2":{"start":{"line":8,"column":0},"end":{"line":8,"column":null}},"3":{"start":{"line":10,"column":19},"end":{"line":14,"column":null}},"4":{"start":{"line":12,"column":4},"end":{"line":12,"column":null}},"5":{"start":{"line":15,"column":0},"end":{"line":15,"column":null}},"6":{"start":{"line":17,"column":18},"end":{"line":21,"column":null}},"7":{"start":{"line":19,"column":4},"end":{"line":19,"column":null}},"8":{"start":{"line":22,"column":0},"end":{"line":22,"column":null}},"9":{"start":{"line":24,"column":24},"end":{"line":28,"column":null}},"10":{"start":{"line":26,"column":4},"end":{"line":26,"column":null}},"11":{"start":{"line":29,"column":0},"end":{"line":29,"column":null}},"12":{"start":{"line":31,"column":20},"end":{"line":33,"column":null}},"13":{"start":{"line":32,"column":36},"end":{"line":32,"column":null}},"14":{"start":{"line":34,"column":0},"end":{"line":34,"column":null}},"15":{"start":{"line":36,"column":19},"end":{"line":40,"column":null}},"16":{"start":{"line":38,"column":4},"end":{"line":38,"column":null}},"17":{"start":{"line":41,"column":0},"end":{"line":41,"column":null}}},"fnMap":{"0":{"name":"(anonymous_0)","decl":{"start":{"line":5,"column":84},"end":{"line":5,"column":85}},"loc":{"start":{"line":6,"column":2},"end":{"line":6,"column":null}}},"1":{"name":"(anonymous_1)","decl":{"start":{"line":11,"column":2},"end":{"line":11,"column":3}},"loc":{"start":{"line":12,"column":4},"end":{"line":12,"column":null}}},"2":{"name":"(anonymous_2)","decl":{"start":{"line":18,"column":2},"end":{"line":18,"column":3}},"loc":{"start":{"line":19,"column":4},"end":{"line":19,"column":null}}},"3":{"name":"(anonymous_3)","decl":{"start":{"line":25,"column":2},"end":{"line":25,"column":3}},"loc":{"start":{"line":26,"column":4},"end":{"line":26,"column":null}}},"4":{"name":"(anonymous_4)","decl":{"start":{"line":32,"column":2},"end":{"line":32,"column":3}},"loc":{"start":{"line":32,"column":36},"end":{"line":32,"column":null}}},"5":{"name":"(anonymous_5)","decl":{"start":{"line":37,"column":2},"end":{"line":37,"column":3}},"loc":{"start":{"line":38,"column":4},"end":{"line":38,"column":null}}}},"branchMap":{},"s":{"0":0,"1":0,"2":0,"3":0,"4":0,"5":0,"6":0,"7":0,"8":0,"9":0,"10":0,"11":0,"12":0,"13":0,"14":0,"15":0,"16":0,"17":0},"f":{"0":0,"1":0,"2":0,"3":0,"4":0,"5":0},"b":{}}
,"C:/Users/synne/webdev/T35-Project-2/frontend/src/components/ui/dropdown-menu.tsx": {"path":"C:/Users/synne/webdev/T35-Project-2/frontend/src/components/ui/dropdown-menu.tsx","statementMap":{"0":{"start":{"line":7,"column":21},"end":{"line":7,"column":null}},"1":{"start":{"line":9,"column":28},"end":{"line":9,"column":null}},"2":{"start":{"line":11,"column":26},"end":{"line":11,"column":null}},"3":{"start":{"line":13,"column":27},"end":{"line":13,"column":null}},"4":{"start":{"line":15,"column":24},"end":{"line":15,"column":null}},"5":{"start":{"line":17,"column":31},"end":{"line":17,"column":null}},"6":{"start":{"line":19,"column":31},"end":{"line":37,"column":null}},"7":{"start":{"line":25,"column":2},"end":{"line":36,"column":null}},"8":{"start":{"line":38,"column":0},"end":{"line":38,"column":null}},"9":{"start":{"line":40,"column":31},"end":{"line":52,"column":null}},"10":{"start":{"line":44,"column":2},"end":{"line":51,"column":null}},"11":{"start":{"line":53,"column":0},"end":{"line":53,"column":null}},"12":{"start":{"line":55,"column":28},"end":{"line":70,"column":null}},"13":{"start":{"line":59,"column":2},"end":{"line":69,"column":null}},"14":{"start":{"line":71,"column":0},"end":{"line":71,"column":null}},"15":{"start":{"line":73,"column":25},"end":{"line":88,"column":null}},"16":{"start":{"line":79,"column":2},"end":{"line":87,"column":null}},"17":{"start":{"line":89,"column":0},"end":{"line":89,"column":null}},"18":{"start":{"line":91,"column":33},"end":{"line":111,"column":null}},"19":{"start":{"line":95,"column":2},"end":{"line":110,"column":null}},"20":{"start":{"line":112,"column":0},"end":{"line":112,"column":null}},"21":{"start":{"line":114,"column":30},"end":{"line":133,"column":null}},"22":{"start":{"line":118,"column":2},"end":{"line":132,"column":null}},"23":{"start":{"line":134,"column":0},"end":{"line":134,"column":null}},"24":{"start":{"line":136,"column":26},"end":{"line":147,"column":null}},"25":{"start":{"line":142,"column":2},"end":{"line":146,"column":null}},"26":{"start":{"line":148,"column":0},"end":{"line":148,"column":null}},"27":{"start":{"line":150,"column":30},"end":{"line":155,"column":null}},"28":{"start":{"line":154,"column":2},"end":{"line":154,"column":null}},"29":{"start":{"line":156,"column":0},"end":{"line":156,"column":null}},"30":{"start":{"line":158,"column":29},"end":{"line":160,"column":null}},"31":{"start":{"line":159,"column":2},"end":{"line":159,"column":null}},"32":{"start":{"line":161,"column":0},"end":{"line":161,"column":null}}},"fnMap":{"0":{"name":"(anonymous_0)","decl":{"start":{"line":24,"column":2},"end":{"line":24,"column":3}},"loc":{"start":{"line":25,"column":2},"end":{"line":36,"column":null}}},"1":{"name":"(anonymous_1)","decl":{"start":{"line":43,"column":2},"end":{"line":43,"column":3}},"loc":{"start":{"line":44,"column":2},"end":{"line":51,"column":null}}},"2":{"name":"(anonymous_2)","decl":{"start":{"line":58,"column":2},"end":{"line":58,"column":3}},"loc":{"start":{"line":59,"column":2},"end":{"line":69,"column":null}}},"3":{"name":"(anonymous_3)","decl":{"start":{"line":78,"column":2},"end":{"line":78,"column":3}},"loc":{"start":{"line":79,"column":2},"end":{"line":87,"column":null}}},"4":{"name":"(anonymous_4)","decl":{"start":{"line":94,"column":2},"end":{"line":94,"column":3}},"loc":{"start":{"line":95,"column":2},"end":{"line":110,"column":null}}},"5":{"name":"(anonymous_5)","decl":{"start":{"line":117,"column":2},"end":{"line":117,"column":3}},"loc":{"start":{"line":118,"column":2},"end":{"line":132,"column":null}}},"6":{"name":"(anonymous_6)","decl":{"start":{"line":141,"column":2},"end":{"line":141,"column":3}},"loc":{"start":{"line":142,"column":2},"end":{"line":146,"column":null}}},"7":{"name":"(anonymous_7)","decl":{"start":{"line":153,"column":2},"end":{"line":153,"column":3}},"loc":{"start":{"line":154,"column":2},"end":{"line":154,"column":null}}},"8":{"name":"(anonymous_8)","decl":{"start":{"line":158,"column":29},"end":{"line":158,"column":30}},"loc":{"start":{"line":158,"column":97},"end":{"line":160,"column":null}}}},"branchMap":{"0":{"loc":{"start":{"line":29,"column":6},"end":{"line":29,"column":null}},"type":"binary-expr","locations":[{"start":{"line":29,"column":6},"end":{"line":29,"column":15}},{"start":{"line":29,"column":15},"end":{"line":29,"column":null}}]},"1":{"loc":{"start":{"line":58,"column":16},"end":{"line":58,"column":32}},"type":"default-arg","locations":[{"start":{"line":58,"column":29},"end":{"line":58,"column":32}}]},"2":{"loc":{"start":{"line":83,"column":6},"end":{"line":83,"column":null}},"type":"binary-expr","locations":[{"start":{"line":83,"column":6},"end":{"line":83,"column":15}},{"start":{"line":83,"column":15},"end":{"line":83,"column":null}}]},"3":{"loc":{"start":{"line":144,"column":55},"end":{"line":144,"column":72}},"type":"binary-expr","locations":[{"start":{"line":144,"column":55},"end":{"line":144,"column":64}},{"start":{"line":144,"column":64},"end":{"line":144,"column":72}}]}},"s":{"0":0,"1":0,"2":0,"3":0,"4":0,"5":0,"6":0,"7":0,"8":0,"9":0,"10":0,"11":0,"12":0,"13":0,"14":0,"15":0,"16":0,"17":0,"18":0,"19":0,"20":0,"21":0,"22":0,"23":0,"24":0,"25":0,"26":0,"27":0,"28":0,"29":0,"30":0,"31":0,"32":0},"f":{"0":0,"1":0,"2":0,"3":0,"4":0,"5":0,"6":0,"7":0,"8":0},"b":{"0":[0,0],"1":[0],"2":[0,0],"3":[0,0]}}
,"C:/Users/synne/webdev/T35-Project-2/frontend/src/components/ui/menubar.tsx": {"path":"C:/Users/synne/webdev/T35-Project-2/frontend/src/components/ui/menubar.tsx","statementMap":{"0":{"start":{"line":7,"column":20},"end":{"line":7,"column":null}},"1":{"start":{"line":9,"column":21},"end":{"line":9,"column":null}},"2":{"start":{"line":11,"column":22},"end":{"line":11,"column":null}},"3":{"start":{"line":13,"column":19},"end":{"line":13,"column":null}},"4":{"start":{"line":15,"column":26},"end":{"line":15,"column":null}},"5":{"start":{"line":17,"column":16},"end":{"line":26,"column":null}},"6":{"start":{"line":21,"column":2},"end":{"line":25,"column":null}},"7":{"start":{"line":27,"column":0},"end":{"line":27,"column":null}},"8":{"start":{"line":29,"column":23},"end":{"line":41,"column":null}},"9":{"start":{"line":33,"column":2},"end":{"line":40,"column":null}},"10":{"start":{"line":42,"column":0},"end":{"line":42,"column":null}},"11":{"start":{"line":44,"column":26},"end":{"line":62,"column":null}},"12":{"start":{"line":50,"column":2},"end":{"line":61,"column":null}},"13":{"start":{"line":63,"column":0},"end":{"line":63,"column":null}},"14":{"start":{"line":65,"column":26},"end":{"line":77,"column":null}},"15":{"start":{"line":69,"column":2},"end":{"line":76,"column":null}},"16":{"start":{"line":78,"column":0},"end":{"line":78,"column":null}},"17":{"start":{"line":80,"column":23},"end":{"line":97,"column":null}},"18":{"start":{"line":84,"column":2},"end":{"line":96,"column":null}},"19":{"start":{"line":98,"column":0},"end":{"line":98,"column":null}},"20":{"start":{"line":100,"column":20},"end":{"line":115,"column":null}},"21":{"start":{"line":106,"column":2},"end":{"line":114,"column":null}},"22":{"start":{"line":116,"column":0},"end":{"line":116,"column":null}},"23":{"start":{"line":118,"column":28},"end":{"line":138,"column":null}},"24":{"start":{"line":122,"column":2},"end":{"line":137,"column":null}},"25":{"start":{"line":139,"column":0},"end":{"line":139,"column":null}},"26":{"start":{"line":141,"column":25},"end":{"line":160,"column":null}},"27":{"start":{"line":145,"column":2},"end":{"line":159,"column":null}},"28":{"start":{"line":161,"column":0},"end":{"line":161,"column":null}},"29":{"start":{"line":163,"column":21},"end":{"line":174,"column":null}},"30":{"start":{"line":169,"column":2},"end":{"line":173,"column":null}},"31":{"start":{"line":175,"column":0},"end":{"line":175,"column":null}},"32":{"start":{"line":177,"column":25},"end":{"line":182,"column":null}},"33":{"start":{"line":181,"column":2},"end":{"line":181,"column":null}},"34":{"start":{"line":183,"column":0},"end":{"line":183,"column":null}},"35":{"start":{"line":185,"column":24},"end":{"line":187,"column":null}},"36":{"start":{"line":186,"column":2},"end":{"line":186,"column":null}},"37":{"start":{"line":188,"column":0},"end":{"line":188,"column":null}}},"fnMap":{"0":{"name":"(anonymous_0)","decl":{"start":{"line":20,"column":2},"end":{"line":20,"column":3}},"loc":{"start":{"line":21,"column":2},"end":{"line":25,"column":null}}},"1":{"name":"(anonymous_1)","decl":{"start":{"line":32,"column":2},"end":{"line":32,"column":3}},"loc":{"start":{"line":33,"column":2},"end":{"line":40,"column":null}}},"2":{"name":"(anonymous_2)","decl":{"start":{"line":49,"column":2},"end":{"line":49,"column":3}},"loc":{"start":{"line":50,"column":2},"end":{"line":61,"column":null}}},"3":{"name":"(anonymous_3)","decl":{"start":{"line":68,"column":2},"end":{"line":68,"column":3}},"loc":{"start":{"line":69,"column":2},"end":{"line":76,"column":null}}},"4":{"name":"(anonymous_4)","decl":{"start":{"line":83,"column":2},"end":{"line":83,"column":3}},"loc":{"start":{"line":84,"column":2},"end":{"line":96,"column":null}}},"5":{"name":"(anonymous_5)","decl":{"start":{"line":105,"column":2},"end":{"line":105,"column":3}},"loc":{"start":{"line":106,"column":2},"end":{"line":114,"column":null}}},"6":{"name":"(anonymous_6)","decl":{"start":{"line":121,"column":2},"end":{"line":121,"column":3}},"loc":{"start":{"line":122,"column":2},"end":{"line":137,"column":null}}},"7":{"name":"(anonymous_7)","decl":{"start":{"line":144,"column":2},"end":{"line":144,"column":3}},"loc":{"start":{"line":145,"column":2},"end":{"line":159,"column":null}}},"8":{"name":"(anonymous_8)","decl":{"start":{"line":168,"column":2},"end":{"line":168,"column":3}},"loc":{"start":{"line":169,"column":2},"end":{"line":173,"column":null}}},"9":{"name":"(anonymous_9)","decl":{"start":{"line":180,"column":2},"end":{"line":180,"column":3}},"loc":{"start":{"line":181,"column":2},"end":{"line":181,"column":null}}},"10":{"name":"(anonymous_10)","decl":{"start":{"line":185,"column":24},"end":{"line":185,"column":25}},"loc":{"start":{"line":185,"column":92},"end":{"line":187,"column":null}}}},"branchMap":{"0":{"loc":{"start":{"line":54,"column":6},"end":{"line":54,"column":null}},"type":"binary-expr","locations":[{"start":{"line":54,"column":6},"end":{"line":54,"column":15}},{"start":{"line":54,"column":15},"end":{"line":54,"column":null}}]},"1":{"loc":{"start":{"line":83,"column":16},"end":{"line":83,"column":33}},"type":"default-arg","locations":[{"start":{"line":83,"column":24},"end":{"line":83,"column":33}}]},"2":{"loc":{"start":{"line":83,"column":33},"end":{"line":83,"column":51}},"type":"default-arg","locations":[{"start":{"line":83,"column":47},"end":{"line":83,"column":51}}]},"3":{"loc":{"start":{"line":83,"column":51},"end":{"line":83,"column":67}},"type":"default-arg","locations":[{"start":{"line":83,"column":64},"end":{"line":83,"column":67}}]},"4":{"loc":{"start":{"line":110,"column":6},"end":{"line":110,"column":null}},"type":"binary-expr","locations":[{"start":{"line":110,"column":6},"end":{"line":110,"column":15}},{"start":{"line":110,"column":15},"end":{"line":110,"column":null}}]},"5":{"loc":{"start":{"line":171,"column":55},"end":{"line":171,"column":72}},"type":"binary-expr","locations":[{"start":{"line":171,"column":55},"end":{"line":171,"column":64}},{"start":{"line":171,"column":64},"end":{"line":171,"column":72}}]}},"s":{"0":0,"1":0,"2":0,"3":0,"4":0,"5":0,"6":0,"7":0,"8":0,"9":0,"10":0,"11":0,"12":0,"13":0,"14":0,"15":0,"16":0,"17":0,"18":0,"19":0,"20":0,"21":0,"22":0,"23":0,"24":0,"25":0,"26":0,"27":0,"28":0,"29":0,"30":0,"31":0,"32":0,"33":0,"34":0,"35":0,"36":0,"37":0},"f":{"0":0,"1":0,"2":0,"3":0,"4":0,"5":0,"6":0,"7":0,"8":0,"9":0,"10":0},"b":{"0":[0,0],"1":[0],"2":[0],"3":[0],"4":[0,0],"5":[0,0]}}
,"C:/Users/synne/webdev/T35-Project-2/frontend/src/components/ui/navigation-menu.tsx": {"path":"C:/Users/synne/webdev/T35-Project-2/frontend/src/components/ui/navigation-menu.tsx","statementMap":{"0":{"start":{"line":8,"column":23},"end":{"line":20,"column":null}},"1":{"start":{"line":12,"column":2},"end":{"line":19,"column":null}},"2":{"start":{"line":21,"column":0},"end":{"line":21,"column":null}},"3":{"start":{"line":23,"column":27},"end":{"line":32,"column":null}},"4":{"start":{"line":27,"column":2},"end":{"line":31,"column":null}},"5":{"start":{"line":33,"column":0},"end":{"line":33,"column":null}},"6":{"start":{"line":35,"column":27},"end":{"line":35,"column":null}},"7":{"start":{"line":37,"column":35},"end":{"line":39,"column":null}},"8":{"start":{"line":41,"column":30},"end":{"line":56,"column":null}},"9":{"start":{"line":45,"column":2},"end":{"line":55,"column":null}},"10":{"start":{"line":57,"column":0},"end":{"line":57,"column":null}},"11":{"start":{"line":59,"column":30},"end":{"line":71,"column":null}},"12":{"start":{"line":63,"column":2},"end":{"line":70,"column":null}},"13":{"start":{"line":72,"column":0},"end":{"line":72,"column":null}},"14":{"start":{"line":74,"column":27},"end":{"line":74,"column":null}},"15":{"start":{"line":76,"column":31},"end":{"line":90,"column":null}},"16":{"start":{"line":80,"column":2},"end":{"line":89,"column":null}},"17":{"start":{"line":91,"column":0},"end":{"line":91,"column":null}},"18":{"start":{"line":93,"column":32},"end":{"line":107,"column":null}},"19":{"start":{"line":97,"column":2},"end":{"line":106,"column":null}},"20":{"start":{"line":108,"column":0},"end":{"line":108,"column":null}}},"fnMap":{"0":{"name":"(anonymous_0)","decl":{"start":{"line":11,"column":2},"end":{"line":11,"column":3}},"loc":{"start":{"line":12,"column":2},"end":{"line":19,"column":null}}},"1":{"name":"(anonymous_1)","decl":{"start":{"line":26,"column":2},"end":{"line":26,"column":3}},"loc":{"start":{"line":27,"column":2},"end":{"line":31,"column":null}}},"2":{"name":"(anonymous_2)","decl":{"start":{"line":44,"column":2},"end":{"line":44,"column":3}},"loc":{"start":{"line":45,"column":2},"end":{"line":55,"column":null}}},"3":{"name":"(anonymous_3)","decl":{"start":{"line":62,"column":2},"end":{"line":62,"column":3}},"loc":{"start":{"line":63,"column":2},"end":{"line":70,"column":null}}},"4":{"name":"(anonymous_4)","decl":{"start":{"line":79,"column":2},"end":{"line":79,"column":3}},"loc":{"start":{"line":80,"column":2},"end":{"line":89,"column":null}}},"5":{"name":"(anonymous_5)","decl":{"start":{"line":96,"column":2},"end":{"line":96,"column":3}},"loc":{"start":{"line":97,"column":2},"end":{"line":106,"column":null}}}},"branchMap":{},"s":{"0":0,"1":0,"2":0,"3":0,"4":0,"5":0,"6":0,"7":0,"8":0,"9":0,"10":0,"11":0,"12":0,"13":0,"14":0,"15":0,"16":0,"17":0,"18":0,"19":0,"20":0},"f":{"0":0,"1":0,"2":0,"3":0,"4":0,"5":0},"b":{}}
,"C:/Users/synne/webdev/T35-Project-2/frontend/src/data/mockDogBreeds.ts": {"path":"C:/Users/synne/webdev/T35-Project-2/frontend/src/data/mockDogBreeds.ts","statementMap":{"0":{"start":{"line":3,"column":27},"end":{"line":3,"column":null}},"1":{"start":{"line":4,"column":23},"end":{"line":4,"column":null}},"2":{"start":{"line":5,"column":17},"end":{"line":5,"column":null}},"3":{"start":{"line":6,"column":22},"end":{"line":6,"column":null}},"4":{"start":{"line":7,"column":18},"end":{"line":7,"column":null}},"5":{"start":{"line":8,"column":19},"end":{"line":8,"column":null}},"6":{"start":{"line":16,"column":2},"end":{"line":16,"column":null}},"7":{"start":{"line":19,"column":41},"end":{"line":122,"column":null}}},"fnMap":{"0":{"name":"generateSlug","decl":{"start":{"line":15,"column":9},"end":{"line":15,"column":22}},"loc":{"start":{"line":15,"column":44},"end":{"line":17,"column":null}}}},"branchMap":{},"s":{"0":1,"1":1,"2":1,"3":1,"4":1,"5":1,"6":6,"7":1},"f":{"0":6},"b":{}}
,"C:/Users/synne/webdev/T35-Project-2/frontend/src/lib/utils.ts": {"path":"C:/Users/synne/webdev/T35-Project-2/frontend/src/lib/utils.ts","statementMap":{"0":{"start":{"line":5,"column":2},"end":{"line":5,"column":null}}},"fnMap":{"0":{"name":"cn","decl":{"start":{"line":4,"column":16},"end":{"line":4,"column":22}},"loc":{"start":{"line":4,"column":44},"end":{"line":6,"column":null}}}},"branchMap":{},"s":{"0":0},"f":{"0":0},"b":{}}
,"C:/Users/synne/webdev/T35-Project-2/frontend/src/style/themes.ts": {"path":"C:/Users/synne/webdev/T35-Project-2/frontend/src/style/themes.ts","statementMap":{"0":{"start":{"line":3,"column":26},"end":{"line":104,"column":null}},"1":{"start":{"line":35,"column":30},"end":{"line":39,"column":null}},"2":{"start":{"line":44,"column":35},"end":{"line":46,"column":null}},"3":{"start":{"line":51,"column":30},"end":{"line":57,"column":null}},"4":{"start":{"line":62,"column":30},"end":{"line":69,"column":null}},"5":{"start":{"line":74,"column":30},"end":{"line":80,"column":null}},"6":{"start":{"line":85,"column":30},"end":{"line":88,"column":null}},"7":{"start":{"line":93,"column":30},"end":{"line":100,"column":null}}},"fnMap":{"0":{"name":"(anonymous_0)","decl":{"start":{"line":35,"column":14},"end":{"line":35,"column":15}},"loc":{"start":{"line":35,"column":30},"end":{"line":39,"column":null}}},"1":{"name":"(anonymous_1)","decl":{"start":{"line":44,"column":19},"end":{"line":44,"column":20}},"loc":{"start":{"line":44,"column":35},"end":{"line":46,"column":null}}},"2":{"name":"(anonymous_2)","decl":{"start":{"line":51,"column":14},"end":{"line":51,"column":15}},"loc":{"start":{"line":51,"column":30},"end":{"line":57,"column":null}}},"3":{"name":"(anonymous_3)","decl":{"start":{"line":62,"column":14},"end":{"line":62,"column":15}},"loc":{"start":{"line":62,"column":30},"end":{"line":69,"column":null}}},"4":{"name":"(anonymous_4)","decl":{"start":{"line":74,"column":14},"end":{"line":74,"column":15}},"loc":{"start":{"line":74,"column":30},"end":{"line":80,"column":null}}},"5":{"name":"(anonymous_5)","decl":{"start":{"line":85,"column":14},"end":{"line":85,"column":15}},"loc":{"start":{"line":85,"column":30},"end":{"line":88,"column":null}}},"6":{"name":"(anonymous_6)","decl":{"start":{"line":93,"column":14},"end":{"line":93,"column":15}},"loc":{"start":{"line":93,"column":30},"end":{"line":100,"column":null}}}},"branchMap":{"0":{"loc":{"start":{"line":36,"column":27},"end":{"line":36,"column":null}},"type":"cond-expr","locations":[{"start":{"line":36,"column":59},"end":{"line":36,"column":71}},{"start":{"line":36,"column":71},"end":{"line":36,"column":null}}]},"1":{"loc":{"start":{"line":45,"column":27},"end":{"line":45,"column":null}},"type":"cond-expr","locations":[{"start":{"line":45,"column":59},"end":{"line":45,"column":71}},{"start":{"line":45,"column":71},"end":{"line":45,"column":null}}]},"2":{"loc":{"start":{"line":52,"column":17},"end":{"line":52,"column":null}},"type":"cond-expr","locations":[{"start":{"line":52,"column":49},"end":{"line":52,"column":61}},{"start":{"line":52,"column":61},"end":{"line":52,"column":null}}]},"3":{"loc":{"start":{"line":54,"column":19},"end":{"line":54,"column":null}},"type":"cond-expr","locations":[{"start":{"line":54,"column":51},"end":{"line":54,"column":63}},{"start":{"line":54,"column":63},"end":{"line":54,"column":null}}]},"4":{"loc":{"start":{"line":63,"column":27},"end":{"line":63,"column":null}},"type":"cond-expr","locations":[{"start":{"line":63,"column":59},"end":{"line":63,"column":71}},{"start":{"line":63,"column":71},"end":{"line":63,"column":null}}]},"5":{"loc":{"start":{"line":66,"column":19},"end":{"line":66,"column":null}},"type":"cond-expr","locations":[{"start":{"line":66,"column":51},"end":{"line":66,"column":63}},{"start":{"line":66,"column":63},"end":{"line":66,"column":null}}]},"6":{"loc":{"start":{"line":75,"column":27},"end":{"line":75,"column":null}},"type":"cond-expr","locations":[{"start":{"line":75,"column":59},"end":{"line":75,"column":71}},{"start":{"line":75,"column":71},"end":{"line":75,"column":null}}]},"7":{"loc":{"start":{"line":78,"column":19},"end":{"line":78,"column":null}},"type":"cond-expr","locations":[{"start":{"line":78,"column":51},"end":{"line":78,"column":63}},{"start":{"line":78,"column":63},"end":{"line":78,"column":null}}]},"8":{"loc":{"start":{"line":86,"column":27},"end":{"line":86,"column":null}},"type":"cond-expr","locations":[{"start":{"line":86,"column":59},"end":{"line":86,"column":71}},{"start":{"line":86,"column":71},"end":{"line":86,"column":null}}]}},"s":{"0":0,"1":0,"2":0,"3":0,"4":0,"5":0,"6":0,"7":0},"f":{"0":0,"1":0,"2":0,"3":0,"4":0,"5":0,"6":0},"b":{"0":[0,0],"1":[0,0],"2":[0,0],"3":[0,0],"4":[0,0],"5":[0,0],"6":[0,0],"7":[0,0],"8":[0,0]}}
,"C:/Users/synne/webdev/T35-Project-2/frontend/src/types/DogBreed.ts": {"path":"C:/Users/synne/webdev/T35-Project-2/frontend/src/types/DogBreed.ts","statementMap":{"0":{"start":{"line":26,"column":7},"end":{"line":26,"column":null}},"1":{"start":{"line":27,"column":2},"end":{"line":27,"column":null}},"2":{"start":{"line":28,"column":2},"end":{"line":28,"column":null}},"3":{"start":{"line":29,"column":2},"end":{"line":29,"column":null}},"4":{"start":{"line":26,"column":12},"end":{"line":26,"column":null}}},"fnMap":{"0":{"name":"(anonymous_0)","decl":{"start":{"line":26,"column":7},"end":{"line":26,"column":12}},"loc":{"start":{"line":26,"column":7},"end":{"line":26,"column":null}}}},"branchMap":{"0":{"loc":{"start":{"line":26,"column":12},"end":{"line":26,"column":null}},"type":"binary-expr","locations":[{"start":{"line":26,"column":12},"end":{"line":26,"column":null}},{"start":{"line":26,"column":12},"end":{"line":26,"column":null}}]}},"s":{"0":2,"1":2,"2":2,"3":2,"4":2},"f":{"0":2},"b":{"0":[2,2]}}
,"C:/Users/synne/webdev/T35-Project-2/frontend/src/utils/favoritesUtils.ts": {"path":"C:/Users/synne/webdev/T35-Project-2/frontend/src/utils/favoritesUtils.ts","statementMap":{"0":{"start":{"line":3,"column":28},"end":{"line":6,"column":null}},"1":{"start":{"line":4,"column":20},"end":{"line":4,"column":null}},"2":{"start":{"line":5,"column":2},"end":{"line":5,"column":null}},"3":{"start":{"line":8,"column":26},"end":{"line":11,"column":null}},"4":{"start":{"line":9,"column":20},"end":{"line":9,"column":null}},"5":{"start":{"line":10,"column":2},"end":{"line":10,"column":null}},"6":{"start":{"line":10,"column":43},"end":{"line":10,"column":56}},"7":{"start":{"line":13,"column":27},"end":{"line":17,"column":null}},"8":{"start":{"line":14,"column":20},"end":{"line":14,"column":null}},"9":{"start":{"line":15,"column":27},"end":{"line":15,"column":null}},"10":{"start":{"line":16,"column":2},"end":{"line":16,"column":null}},"11":{"start":{"line":19,"column":30},"end":{"line":23,"column":null}},"12":{"start":{"line":20,"column":20},"end":{"line":20,"column":null}},"13":{"start":{"line":21,"column":27},"end":{"line":21,"column":null}},"14":{"start":{"line":21,"column":69},"end":{"line":21,"column":82}},"15":{"start":{"line":22,"column":2},"end":{"line":22,"column":null}},"16":{"start":{"line":25,"column":30},"end":{"line":37,"column":null}},"17":{"start":{"line":29,"column":2},"end":{"line":35,"column":null}},"18":{"start":{"line":30,"column":4},"end":{"line":30,"column":null}},"19":{"start":{"line":31,"column":4},"end":{"line":31,"column":null}},"20":{"start":{"line":32,"column":2},"end":{"line":35,"column":null}},"21":{"start":{"line":33,"column":4},"end":{"line":33,"column":null}},"22":{"start":{"line":34,"column":4},"end":{"line":34,"column":null}},"23":{"start":{"line":36,"column":2},"end":{"line":36,"column":null}}},"fnMap":{"0":{"name":"(anonymous_0)","decl":{"start":{"line":3,"column":28},"end":{"line":3,"column":46}},"loc":{"start":{"line":3,"column":46},"end":{"line":6,"column":null}}},"1":{"name":"(anonymous_1)","decl":{"start":{"line":8,"column":26},"end":{"line":8,"column":27}},"loc":{"start":{"line":8,"column":51},"end":{"line":11,"column":null}}},"2":{"name":"(anonymous_2)","decl":{"start":{"line":10,"column":24},"end":{"line":10,"column":25}},"loc":{"start":{"line":10,"column":43},"end":{"line":10,"column":56}}},"3":{"name":"(anonymous_3)","decl":{"start":{"line":13,"column":27},"end":{"line":13,"column":28}},"loc":{"start":{"line":13,"column":103},"end":{"line":17,"column":null}}},"4":{"name":"(anonymous_4)","decl":{"start":{"line":19,"column":30},"end":{"line":19,"column":31}},"loc":{"start":{"line":19,"column":52},"end":{"line":23,"column":null}}},"5":{"name":"(anonymous_5)","decl":{"start":{"line":21,"column":44},"end":{"line":21,"column":45}},"loc":{"start":{"line":21,"column":69},"end":{"line":21,"column":82}}},"6":{"name":"(anonymous_6)","decl":{"start":{"line":25,"column":30},"end":{"line":25,"column":null}},"loc":{"start":{"line":28,"column":14},"end":{"line":37,"column":null}}}},"branchMap":{"0":{"loc":{"start":{"line":5,"column":9},"end":{"line":5,"column":null}},"type":"cond-expr","locations":[{"start":{"line":5,"column":21},"end":{"line":5,"column":45}},{"start":{"line":5,"column":45},"end":{"line":5,"column":null}}]},"1":{"loc":{"start":{"line":29,"column":2},"end":{"line":35,"column":null}},"type":"if","locations":[{"start":{"line":29,"column":2},"end":{"line":35,"column":null}},{"start":{"line":32,"column":2},"end":{"line":35,"column":null}}]},"2":{"loc":{"start":{"line":32,"column":2},"end":{"line":35,"column":null}},"type":"if","locations":[{"start":{"line":32,"column":2},"end":{"line":35,"column":null}},{"start":{},"end":{}}]}},"s":{"0":3,"1":17,"2":17,"3":3,"4":7,"5":7,"6":3,"7":3,"8":2,"9":2,"10":2,"11":3,"12":2,"13":2,"14":3,"15":2,"16":3,"17":2,"18":1,"19":1,"20":1,"21":1,"22":1,"23":0},"f":{"0":17,"1":7,"2":3,"3":2,"4":2,"5":3,"6":2},"b":{"0":[10,7],"1":[1,1],"2":[1,0]}}
,"C:/Users/synne/webdev/T35-Project-2/frontend/src/utils/userUtils.ts": {"path":"C:/Users/synne/webdev/T35-Project-2/frontend/src/utils/userUtils.ts","statementMap":{"0":{"start":{"line":1,"column":27},"end":{"line":4,"column":null}},"1":{"start":{"line":2,"column":19},"end":{"line":2,"column":null}},"2":{"start":{"line":3,"column":2},"end":{"line":3,"column":null}},"3":{"start":{"line":6,"column":27},"end":{"line":8,"column":null}},"4":{"start":{"line":7,"column":2},"end":{"line":7,"column":null}}},"fnMap":{"0":{"name":"(anonymous_0)","decl":{"start":{"line":1,"column":27},"end":{"line":1,"column":48}},"loc":{"start":{"line":1,"column":48},"end":{"line":4,"column":null}}},"1":{"name":"(anonymous_1)","decl":{"start":{"line":6,"column":27},"end":{"line":6,"column":28}},"loc":{"start":{"line":6,"column":55},"end":{"line":8,"column":null}}}},"branchMap":{},"s":{"0":3,"1":4,"2":4,"3":3,"4":0},"f":{"0":4,"1":0},"b":{}}
}
